This is pdfTeX, Version 3.141592653-2.6-1.40.25 (MiKTeX 24.1 Portable) (preloaded format=pdflatex 2024.6.7)  7 JUN 2024 13:30
entering extended mode
 restricted \write18 enabled.
 %&-line parsing enabled.
**"./Revisão P1.tex"
(Revisão P1.tex
LaTeX2e <2023-11-01> patch level 1
L3 programming layer <2024-01-04>

(C:\Users\EricksonMuller\scoop\apps\latex\current\texmfs\install\tex/latex/base
\article.cls
Document Class: article 2023/05/17 v1.4n Standard LaTeX document class

(C:\Users\EricksonMuller\scoop\apps\latex\current\texmfs\install\tex/latex/base
\size10.clo
File: size10.clo 2023/05/17 v1.4n Standard LaTeX file (size option)
)
\c@part=\count187
\c@section=\count188
\c@subsection=\count189
\c@subsubsection=\count190
\c@paragraph=\count191
\c@subparagraph=\count192
\c@figure=\count193
\c@table=\count194
\abovecaptionskip=\skip48
\belowcaptionskip=\skip49
\bibindent=\dimen140
)
(C:\Users\EricksonMuller\scoop\apps\latex\current\texmfs\install\tex/latex/amsm
ath\amsmath.sty
Package: amsmath 2023/05/13 v2.17o AMS math features
\@mathmargin=\skip50

For additional information on amsmath, use the `?' option.

(C:\Users\EricksonMuller\scoop\apps\latex\current\texmfs\install\tex/latex/amsm
ath\amstext.sty
Package: amstext 2021/08/26 v2.01 AMS text

(C:\Users\EricksonMuller\scoop\apps\latex\current\texmfs\install\tex/latex/amsm
ath\amsgen.sty
File: amsgen.sty 1999/11/30 v2.0 generic functions
\@emptytoks=\toks17
\ex@=\dimen141
))
(C:\Users\EricksonMuller\scoop\apps\latex\current\texmfs\install\tex/latex/amsm
ath\amsbsy.sty
Package: amsbsy 1999/11/29 v1.2d Bold Symbols
\pmbraise@=\dimen142
)
(C:\Users\EricksonMuller\scoop\apps\latex\current\texmfs\install\tex/latex/amsm
ath\amsopn.sty
Package: amsopn 2022/04/08 v2.04 operator names
)
\inf@bad=\count195
LaTeX Info: Redefining \frac on input line 234.
\uproot@=\count196
\leftroot@=\count197
LaTeX Info: Redefining \overline on input line 399.
LaTeX Info: Redefining \colon on input line 410.
\classnum@=\count198
\DOTSCASE@=\count199
LaTeX Info: Redefining \ldots on input line 496.
LaTeX Info: Redefining \dots on input line 499.
LaTeX Info: Redefining \cdots on input line 620.
\Mathstrutbox@=\box51
\strutbox@=\box52
LaTeX Info: Redefining \big on input line 722.
LaTeX Info: Redefining \Big on input line 723.
LaTeX Info: Redefining \bigg on input line 724.
LaTeX Info: Redefining \Bigg on input line 725.
\big@size=\dimen143
LaTeX Font Info:    Redeclaring font encoding OML on input line 743.
LaTeX Font Info:    Redeclaring font encoding OMS on input line 744.
\macc@depth=\count266
LaTeX Info: Redefining \bmod on input line 905.
LaTeX Info: Redefining \pmod on input line 910.
LaTeX Info: Redefining \smash on input line 940.
LaTeX Info: Redefining \relbar on input line 970.
LaTeX Info: Redefining \Relbar on input line 971.
\c@MaxMatrixCols=\count267
\dotsspace@=\muskip16
\c@parentequation=\count268
\dspbrk@lvl=\count269
\tag@help=\toks18
\row@=\count270
\column@=\count271
\maxfields@=\count272
\andhelp@=\toks19
\eqnshift@=\dimen144
\alignsep@=\dimen145
\tagshift@=\dimen146
\tagwidth@=\dimen147
\totwidth@=\dimen148
\lineht@=\dimen149
\@envbody=\toks20
\multlinegap=\skip51
\multlinetaggap=\skip52
\mathdisplay@stack=\toks21
LaTeX Info: Redefining \[ on input line 2953.
LaTeX Info: Redefining \] on input line 2954.
)
(C:\Users\EricksonMuller\scoop\apps\latex\current\texmfs\install\tex/latex/amsf
onts\amssymb.sty
Package: amssymb 2013/01/14 v3.01 AMS font symbols

(C:\Users\EricksonMuller\scoop\apps\latex\current\texmfs\install\tex/latex/amsf
onts\amsfonts.sty
Package: amsfonts 2013/01/14 v3.01 Basic AMSFonts support
\symAMSa=\mathgroup4
\symAMSb=\mathgroup5
LaTeX Font Info:    Redeclaring math symbol \hbar on input line 98.
LaTeX Font Info:    Overwriting math alphabet `\mathfrak' in version `bold'
(Font)                  U/euf/m/n --> U/euf/b/n on input line 106.
))
(C:\Users\EricksonMuller\scoop\apps\latex\current\texmfs\install\tex/generic/ba
bel\babel.sty
Package: babel 2024/01/07 v24.1 The Babel package
\babel@savecnt=\count273
\U@D=\dimen150
\l@unhyphenated=\language79

(C:\Users\EricksonMuller\scoop\apps\latex\current\texmfs\install\tex/generic/ba
bel\txtbabel.def)
\bbl@readstream=\read2
\bbl@dirlevel=\count274

*************************************
* Local config file bblopts.cfg used
*

(C:\Users\EricksonMuller\scoop\apps\latex\current\texmfs\install\tex/latex/arab
i\bblopts.cfg
File: bblopts.cfg 2005/09/08 v0.1 add Arabic and Farsi to "declared" options of
 babel
)
(C:\Users\EricksonMuller\scoop\apps\latex\current\texmfs\install\tex/latex/babe
l-english\english.ldf
Language: english 2017/06/06 v3.3r English support from the babel system
Package babel Info: Hyphen rules for 'canadian' set to \l@english
(babel)             (\language0). Reported on input line 102.
Package babel Info: Hyphen rules for 'australian' set to \l@ukenglish
(babel)             (\language73). Reported on input line 105.
Package babel Info: Hyphen rules for 'newzealand' set to \l@ukenglish
(babel)             (\language73). Reported on input line 108.
))
(C:\Users\EricksonMuller\scoop\apps\latex\current\texmfs\install\tex/generic/ba
bel/locale/en\babel-english.tex
Package babel Info: Importing font and identification data for english
(babel)             from babel-en.ini. Reported on input line 11.
)
(C:\Users\EricksonMuller\scoop\apps\latex\current\texmfs\install\tex/latex/pgf/
frontendlayer\tikz.sty
(C:\Users\EricksonMuller\scoop\apps\latex\current\texmfs\install\tex/latex/pgf/
basiclayer\pgf.sty
(C:\Users\EricksonMuller\scoop\apps\latex\current\texmfs\install\tex/latex/pgf/
utilities\pgfrcs.sty
(C:\Users\EricksonMuller\scoop\apps\latex\current\texmfs\install\tex/generic/pg
f/utilities\pgfutil-common.tex
\pgfutil@everybye=\toks22
\pgfutil@tempdima=\dimen151
\pgfutil@tempdimb=\dimen152
)
(C:\Users\EricksonMuller\scoop\apps\latex\current\texmfs\install\tex/generic/pg
f/utilities\pgfutil-latex.def
\pgfutil@abb=\box53
)
(C:\Users\EricksonMuller\scoop\apps\latex\current\texmfs\install\tex/generic/pg
f/utilities\pgfrcs.code.tex
(C:\Users\EricksonMuller\scoop\apps\latex\current\texmfs\install\tex/generic/pg
f\pgf.revision.tex)
Package: pgfrcs 2023-01-15 v3.1.10 (3.1.10)
))
Package: pgf 2023-01-15 v3.1.10 (3.1.10)

(C:\Users\EricksonMuller\scoop\apps\latex\current\texmfs\install\tex/latex/pgf/
basiclayer\pgfcore.sty
(C:\Users\EricksonMuller\scoop\apps\latex\current\texmfs\install\tex/latex/grap
hics\graphicx.sty
Package: graphicx 2021/09/16 v1.2d Enhanced LaTeX Graphics (DPC,SPQR)

(C:\Users\EricksonMuller\scoop\apps\latex\current\texmfs\install\tex/latex/grap
hics\keyval.sty
Package: keyval 2022/05/29 v1.15 key=value parser (DPC)
\KV@toks@=\toks23
)
(C:\Users\EricksonMuller\scoop\apps\latex\current\texmfs\install\tex/latex/grap
hics\graphics.sty
Package: graphics 2022/03/10 v1.4e Standard LaTeX Graphics (DPC,SPQR)

(C:\Users\EricksonMuller\scoop\apps\latex\current\texmfs\install\tex/latex/grap
hics\trig.sty
Package: trig 2021/08/11 v1.11 sin cos tan (DPC)
)
(C:\Users\EricksonMuller\scoop\apps\latex\current\texmfs\install\tex/latex/grap
hics-cfg\graphics.cfg
File: graphics.cfg 2016/06/04 v1.11 sample graphics configuration
)
Package graphics Info: Driver file: pdftex.def on input line 107.

(C:\Users\EricksonMuller\scoop\apps\latex\current\texmfs\install\tex/latex/grap
hics-def\pdftex.def
File: pdftex.def 2022/09/22 v1.2b Graphics/color driver for pdftex
))
\Gin@req@height=\dimen153
\Gin@req@width=\dimen154
)
(C:\Users\EricksonMuller\scoop\apps\latex\current\texmfs\install\tex/latex/pgf/
systemlayer\pgfsys.sty
(C:\Users\EricksonMuller\scoop\apps\latex\current\texmfs\install\tex/generic/pg
f/systemlayer\pgfsys.code.tex
Package: pgfsys 2023-01-15 v3.1.10 (3.1.10)

(C:\Users\EricksonMuller\scoop\apps\latex\current\texmfs\install\tex/generic/pg
f/utilities\pgfkeys.code.tex
\pgfkeys@pathtoks=\toks24
\pgfkeys@temptoks=\toks25

(C:\Users\EricksonMuller\scoop\apps\latex\current\texmfs\install\tex/generic/pg
f/utilities\pgfkeyslibraryfiltered.code.tex
\pgfkeys@tmptoks=\toks26
))
\pgf@x=\dimen155
\pgf@y=\dimen156
\pgf@xa=\dimen157
\pgf@ya=\dimen158
\pgf@xb=\dimen159
\pgf@yb=\dimen160
\pgf@xc=\dimen161
\pgf@yc=\dimen162
\pgf@xd=\dimen163
\pgf@yd=\dimen164
\w@pgf@writea=\write3
\r@pgf@reada=\read3
\c@pgf@counta=\count275
\c@pgf@countb=\count276
\c@pgf@countc=\count277
\c@pgf@countd=\count278
\t@pgf@toka=\toks27
\t@pgf@tokb=\toks28
\t@pgf@tokc=\toks29
\pgf@sys@id@count=\count279

(C:\Users\EricksonMuller\scoop\apps\latex\current\texmfs\install\tex/generic/pg
f/systemlayer\pgf.cfg
File: pgf.cfg 2023-01-15 v3.1.10 (3.1.10)
)
Driver file for pgf: pgfsys-pdftex.def

(C:\Users\EricksonMuller\scoop\apps\latex\current\texmfs\install\tex/generic/pg
f/systemlayer\pgfsys-pdftex.def
File: pgfsys-pdftex.def 2023-01-15 v3.1.10 (3.1.10)

(C:\Users\EricksonMuller\scoop\apps\latex\current\texmfs\install\tex/generic/pg
f/systemlayer\pgfsys-common-pdf.def
File: pgfsys-common-pdf.def 2023-01-15 v3.1.10 (3.1.10)
)))
(C:\Users\EricksonMuller\scoop\apps\latex\current\texmfs\install\tex/generic/pg
f/systemlayer\pgfsyssoftpath.code.tex
File: pgfsyssoftpath.code.tex 2023-01-15 v3.1.10 (3.1.10)
\pgfsyssoftpath@smallbuffer@items=\count280
\pgfsyssoftpath@bigbuffer@items=\count281
)
(C:\Users\EricksonMuller\scoop\apps\latex\current\texmfs\install\tex/generic/pg
f/systemlayer\pgfsysprotocol.code.tex
File: pgfsysprotocol.code.tex 2023-01-15 v3.1.10 (3.1.10)
))
(C:\Users\EricksonMuller\scoop\apps\latex\current\texmfs\install\tex/latex/xcol
or\xcolor.sty
Package: xcolor 2023/11/15 v3.01 LaTeX color extensions (UK)

(C:\Users\EricksonMuller\scoop\apps\latex\current\texmfs\install\tex/latex/grap
hics-cfg\color.cfg
File: color.cfg 2016/01/02 v1.6 sample color configuration
)
Package xcolor Info: Driver file: pdftex.def on input line 274.

(C:\Users\EricksonMuller\scoop\apps\latex\current\texmfs\install\tex/latex/grap
hics\mathcolor.ltx)
Package xcolor Info: Model `cmy' substituted by `cmy0' on input line 1350.
Package xcolor Info: Model `hsb' substituted by `rgb' on input line 1354.
Package xcolor Info: Model `RGB' extended on input line 1366.
Package xcolor Info: Model `HTML' substituted by `rgb' on input line 1368.
Package xcolor Info: Model `Hsb' substituted by `hsb' on input line 1369.
Package xcolor Info: Model `tHsb' substituted by `hsb' on input line 1370.
Package xcolor Info: Model `HSB' substituted by `hsb' on input line 1371.
Package xcolor Info: Model `Gray' substituted by `gray' on input line 1372.
Package xcolor Info: Model `wave' substituted by `hsb' on input line 1373.
)
(C:\Users\EricksonMuller\scoop\apps\latex\current\texmfs\install\tex/generic/pg
f/basiclayer\pgfcore.code.tex
Package: pgfcore 2023-01-15 v3.1.10 (3.1.10)

(C:\Users\EricksonMuller\scoop\apps\latex\current\texmfs\install\tex/generic/pg
f/math\pgfmath.code.tex
(C:\Users\EricksonMuller\scoop\apps\latex\current\texmfs\install\tex/generic/pg
f/math\pgfmathutil.code.tex)
(C:\Users\EricksonMuller\scoop\apps\latex\current\texmfs\install\tex/generic/pg
f/math\pgfmathparser.code.tex
\pgfmath@dimen=\dimen165
\pgfmath@count=\count282
\pgfmath@box=\box54
\pgfmath@toks=\toks30
\pgfmath@stack@operand=\toks31
\pgfmath@stack@operation=\toks32
)
(C:\Users\EricksonMuller\scoop\apps\latex\current\texmfs\install\tex/generic/pg
f/math\pgfmathfunctions.code.tex)
(C:\Users\EricksonMuller\scoop\apps\latex\current\texmfs\install\tex/generic/pg
f/math\pgfmathfunctions.basic.code.tex)
(C:\Users\EricksonMuller\scoop\apps\latex\current\texmfs\install\tex/generic/pg
f/math\pgfmathfunctions.trigonometric.code.tex)
(C:\Users\EricksonMuller\scoop\apps\latex\current\texmfs\install\tex/generic/pg
f/math\pgfmathfunctions.random.code.tex)
(C:\Users\EricksonMuller\scoop\apps\latex\current\texmfs\install\tex/generic/pg
f/math\pgfmathfunctions.comparison.code.tex)
(C:\Users\EricksonMuller\scoop\apps\latex\current\texmfs\install\tex/generic/pg
f/math\pgfmathfunctions.base.code.tex)
(C:\Users\EricksonMuller\scoop\apps\latex\current\texmfs\install\tex/generic/pg
f/math\pgfmathfunctions.round.code.tex)
(C:\Users\EricksonMuller\scoop\apps\latex\current\texmfs\install\tex/generic/pg
f/math\pgfmathfunctions.misc.code.tex)
(C:\Users\EricksonMuller\scoop\apps\latex\current\texmfs\install\tex/generic/pg
f/math\pgfmathfunctions.integerarithmetics.code.tex)
(C:\Users\EricksonMuller\scoop\apps\latex\current\texmfs\install\tex/generic/pg
f/math\pgfmathcalc.code.tex)
(C:\Users\EricksonMuller\scoop\apps\latex\current\texmfs\install\tex/generic/pg
f/math\pgfmathfloat.code.tex
\c@pgfmathroundto@lastzeros=\count283
))
(C:\Users\EricksonMuller\scoop\apps\latex\current\texmfs\install\tex/generic/pg
f/math\pgfint.code.tex)
(C:\Users\EricksonMuller\scoop\apps\latex\current\texmfs\install\tex/generic/pg
f/basiclayer\pgfcorepoints.code.tex
File: pgfcorepoints.code.tex 2023-01-15 v3.1.10 (3.1.10)
\pgf@picminx=\dimen166
\pgf@picmaxx=\dimen167
\pgf@picminy=\dimen168
\pgf@picmaxy=\dimen169
\pgf@pathminx=\dimen170
\pgf@pathmaxx=\dimen171
\pgf@pathminy=\dimen172
\pgf@pathmaxy=\dimen173
\pgf@xx=\dimen174
\pgf@xy=\dimen175
\pgf@yx=\dimen176
\pgf@yy=\dimen177
\pgf@zx=\dimen178
\pgf@zy=\dimen179
)
(C:\Users\EricksonMuller\scoop\apps\latex\current\texmfs\install\tex/generic/pg
f/basiclayer\pgfcorepathconstruct.code.tex
File: pgfcorepathconstruct.code.tex 2023-01-15 v3.1.10 (3.1.10)
\pgf@path@lastx=\dimen180
\pgf@path@lasty=\dimen181
)
(C:\Users\EricksonMuller\scoop\apps\latex\current\texmfs\install\tex/generic/pg
f/basiclayer\pgfcorepathusage.code.tex
File: pgfcorepathusage.code.tex 2023-01-15 v3.1.10 (3.1.10)
\pgf@shorten@end@additional=\dimen182
\pgf@shorten@start@additional=\dimen183
)
(C:\Users\EricksonMuller\scoop\apps\latex\current\texmfs\install\tex/generic/pg
f/basiclayer\pgfcorescopes.code.tex
File: pgfcorescopes.code.tex 2023-01-15 v3.1.10 (3.1.10)
\pgfpic=\box55
\pgf@hbox=\box56
\pgf@layerbox@main=\box57
\pgf@picture@serial@count=\count284
)
(C:\Users\EricksonMuller\scoop\apps\latex\current\texmfs\install\tex/generic/pg
f/basiclayer\pgfcoregraphicstate.code.tex
File: pgfcoregraphicstate.code.tex 2023-01-15 v3.1.10 (3.1.10)
\pgflinewidth=\dimen184
)
(C:\Users\EricksonMuller\scoop\apps\latex\current\texmfs\install\tex/generic/pg
f/basiclayer\pgfcoretransformations.code.tex
File: pgfcoretransformations.code.tex 2023-01-15 v3.1.10 (3.1.10)
\pgf@pt@x=\dimen185
\pgf@pt@y=\dimen186
\pgf@pt@temp=\dimen187
)
(C:\Users\EricksonMuller\scoop\apps\latex\current\texmfs\install\tex/generic/pg
f/basiclayer\pgfcorequick.code.tex
File: pgfcorequick.code.tex 2023-01-15 v3.1.10 (3.1.10)
)
(C:\Users\EricksonMuller\scoop\apps\latex\current\texmfs\install\tex/generic/pg
f/basiclayer\pgfcoreobjects.code.tex
File: pgfcoreobjects.code.tex 2023-01-15 v3.1.10 (3.1.10)
)
(C:\Users\EricksonMuller\scoop\apps\latex\current\texmfs\install\tex/generic/pg
f/basiclayer\pgfcorepathprocessing.code.tex
File: pgfcorepathprocessing.code.tex 2023-01-15 v3.1.10 (3.1.10)
)
(C:\Users\EricksonMuller\scoop\apps\latex\current\texmfs\install\tex/generic/pg
f/basiclayer\pgfcorearrows.code.tex
File: pgfcorearrows.code.tex 2023-01-15 v3.1.10 (3.1.10)
\pgfarrowsep=\dimen188
)
(C:\Users\EricksonMuller\scoop\apps\latex\current\texmfs\install\tex/generic/pg
f/basiclayer\pgfcoreshade.code.tex
File: pgfcoreshade.code.tex 2023-01-15 v3.1.10 (3.1.10)
\pgf@max=\dimen189
\pgf@sys@shading@range@num=\count285
\pgf@shadingcount=\count286
)
(C:\Users\EricksonMuller\scoop\apps\latex\current\texmfs\install\tex/generic/pg
f/basiclayer\pgfcoreimage.code.tex
File: pgfcoreimage.code.tex 2023-01-15 v3.1.10 (3.1.10)
)
(C:\Users\EricksonMuller\scoop\apps\latex\current\texmfs\install\tex/generic/pg
f/basiclayer\pgfcoreexternal.code.tex
File: pgfcoreexternal.code.tex 2023-01-15 v3.1.10 (3.1.10)
\pgfexternal@startupbox=\box58
)
(C:\Users\EricksonMuller\scoop\apps\latex\current\texmfs\install\tex/generic/pg
f/basiclayer\pgfcorelayers.code.tex
File: pgfcorelayers.code.tex 2023-01-15 v3.1.10 (3.1.10)
)
(C:\Users\EricksonMuller\scoop\apps\latex\current\texmfs\install\tex/generic/pg
f/basiclayer\pgfcoretransparency.code.tex
File: pgfcoretransparency.code.tex 2023-01-15 v3.1.10 (3.1.10)
)
(C:\Users\EricksonMuller\scoop\apps\latex\current\texmfs\install\tex/generic/pg
f/basiclayer\pgfcorepatterns.code.tex
File: pgfcorepatterns.code.tex 2023-01-15 v3.1.10 (3.1.10)
)
(C:\Users\EricksonMuller\scoop\apps\latex\current\texmfs\install\tex/generic/pg
f/basiclayer\pgfcorerdf.code.tex
File: pgfcorerdf.code.tex 2023-01-15 v3.1.10 (3.1.10)
)))
(C:\Users\EricksonMuller\scoop\apps\latex\current\texmfs\install\tex/generic/pg
f/modules\pgfmoduleshapes.code.tex
File: pgfmoduleshapes.code.tex 2023-01-15 v3.1.10 (3.1.10)
\pgfnodeparttextbox=\box59
)
(C:\Users\EricksonMuller\scoop\apps\latex\current\texmfs\install\tex/generic/pg
f/modules\pgfmoduleplot.code.tex
File: pgfmoduleplot.code.tex 2023-01-15 v3.1.10 (3.1.10)
)
(C:\Users\EricksonMuller\scoop\apps\latex\current\texmfs\install\tex/latex/pgf/
compatibility\pgfcomp-version-0-65.sty
Package: pgfcomp-version-0-65 2023-01-15 v3.1.10 (3.1.10)
\pgf@nodesepstart=\dimen190
\pgf@nodesepend=\dimen191
)
(C:\Users\EricksonMuller\scoop\apps\latex\current\texmfs\install\tex/latex/pgf/
compatibility\pgfcomp-version-1-18.sty
Package: pgfcomp-version-1-18 2023-01-15 v3.1.10 (3.1.10)
))
(C:\Users\EricksonMuller\scoop\apps\latex\current\texmfs\install\tex/latex/pgf/
utilities\pgffor.sty
(C:\Users\EricksonMuller\scoop\apps\latex\current\texmfs\install\tex/latex/pgf/
utilities\pgfkeys.sty
(C:\Users\EricksonMuller\scoop\apps\latex\current\texmfs\install\tex/generic/pg
f/utilities\pgfkeys.code.tex))
(C:\Users\EricksonMuller\scoop\apps\latex\current\texmfs\install\tex/latex/pgf/
math\pgfmath.sty
(C:\Users\EricksonMuller\scoop\apps\latex\current\texmfs\install\tex/generic/pg
f/math\pgfmath.code.tex))
(C:\Users\EricksonMuller\scoop\apps\latex\current\texmfs\install\tex/generic/pg
f/utilities\pgffor.code.tex
Package: pgffor 2023-01-15 v3.1.10 (3.1.10)
\pgffor@iter=\dimen192
\pgffor@skip=\dimen193
\pgffor@stack=\toks33
\pgffor@toks=\toks34
))
(C:\Users\EricksonMuller\scoop\apps\latex\current\texmfs\install\tex/generic/pg
f/frontendlayer/tikz\tikz.code.tex
Package: tikz 2023-01-15 v3.1.10 (3.1.10)

(C:\Users\EricksonMuller\scoop\apps\latex\current\texmfs\install\tex/generic/pg
f/libraries\pgflibraryplothandlers.code.tex
File: pgflibraryplothandlers.code.tex 2023-01-15 v3.1.10 (3.1.10)
\pgf@plot@mark@count=\count287
\pgfplotmarksize=\dimen194
)
\tikz@lastx=\dimen195
\tikz@lasty=\dimen196
\tikz@lastxsaved=\dimen197
\tikz@lastysaved=\dimen198
\tikz@lastmovetox=\dimen199
\tikz@lastmovetoy=\dimen256
\tikzleveldistance=\dimen257
\tikzsiblingdistance=\dimen258
\tikz@figbox=\box60
\tikz@figbox@bg=\box61
\tikz@tempbox=\box62
\tikz@tempbox@bg=\box63
\tikztreelevel=\count288
\tikznumberofchildren=\count289
\tikznumberofcurrentchild=\count290
\tikz@fig@count=\count291

(C:\Users\EricksonMuller\scoop\apps\latex\current\texmfs\install\tex/generic/pg
f/modules\pgfmodulematrix.code.tex
File: pgfmodulematrix.code.tex 2023-01-15 v3.1.10 (3.1.10)
\pgfmatrixcurrentrow=\count292
\pgfmatrixcurrentcolumn=\count293
\pgf@matrix@numberofcolumns=\count294
)
\tikz@expandcount=\count295

(C:\Users\EricksonMuller\scoop\apps\latex\current\texmfs\install\tex/generic/pg
f/frontendlayer/tikz/libraries\tikzlibrarytopaths.code.tex
File: tikzlibrarytopaths.code.tex 2023-01-15 v3.1.10 (3.1.10)
)))
(C:\Users\EricksonMuller\scoop\apps\latex\current\texmfs\install\tex/latex/canc
el\cancel.sty
Package: cancel 2013/04/12 v2.2 Cancel math terms
)
(C:\Users\EricksonMuller\scoop\apps\latex\current\texmfs\install\tex/latex/l3ba
ckend\l3backend-pdftex.def
File: l3backend-pdftex.def 2024-01-04 L3 backend support: PDF output (pdfTeX)
\l__color_backend_stack_int=\count296
\l__pdf_internal_box=\box64
) (Revisão P1.aux)
\openout1 = `"Revisão P1.aux"'.

LaTeX Font Info:    Checking defaults for OML/cmm/m/it on input line 10.
LaTeX Font Info:    ... okay on input line 10.
LaTeX Font Info:    Checking defaults for OMS/cmsy/m/n on input line 10.
LaTeX Font Info:    ... okay on input line 10.
LaTeX Font Info:    Checking defaults for OT1/cmr/m/n on input line 10.
LaTeX Font Info:    ... okay on input line 10.
LaTeX Font Info:    Checking defaults for T1/cmr/m/n on input line 10.
LaTeX Font Info:    ... okay on input line 10.
LaTeX Font Info:    Checking defaults for TS1/cmr/m/n on input line 10.
LaTeX Font Info:    ... okay on input line 10.
LaTeX Font Info:    Checking defaults for OMX/cmex/m/n on input line 10.
LaTeX Font Info:    ... okay on input line 10.
LaTeX Font Info:    Checking defaults for U/cmr/m/n on input line 10.
LaTeX Font Info:    ... okay on input line 10.

(C:\Users\EricksonMuller\scoop\apps\latex\current\texmfs\install\tex/context/ba
se/mkii\supp-pdf.mkii
[Loading MPS to PDF converter (version 2006.09.02).]
\scratchcounter=\count297
\scratchdimen=\dimen259
\scratchbox=\box65
\nofMPsegments=\count298
\nofMParguments=\count299
\everyMPshowfont=\toks35
\MPscratchCnt=\count300
\MPscratchDim=\dimen260
\MPnumerator=\count301
\makeMPintoPDFobject=\count302
\everyMPtoPDFconversion=\toks36
)
(C:\Users\EricksonMuller\scoop\apps\latex\current\texmfs\install\tex/latex/epst
opdf-pkg\epstopdf-base.sty
Package: epstopdf-base 2020-01-24 v2.11 Base part for package epstopdf
Package epstopdf-base Info: Redefining graphics rule for `.eps' on input line 4
85.

(C:\Users\EricksonMuller\scoop\apps\latex\current\texmfs\install\tex/latex/00mi
ktex\epstopdf-sys.cfg
File: epstopdf-sys.cfg 2021/03/18 v2.0 Configuration of epstopdf for MiKTeX
))
LaTeX Font Info:    Trying to load font information for U+msa on input line 11.


(C:\Users\EricksonMuller\scoop\apps\latex\current\texmfs\install\tex/latex/amsf
onts\umsa.fd
File: umsa.fd 2013/01/14 v3.01 AMS symbols A
)
LaTeX Font Info:    Trying to load font information for U+msb on input line 11.


(C:\Users\EricksonMuller\scoop\apps\latex\current\texmfs\install\tex/latex/amsf
onts\umsb.fd
File: umsb.fd 2013/01/14 v3.01 AMS symbols B
)
Underfull \hbox (badness 10000) in paragraph at lines 14--16

 []


Underfull \hbox (badness 10000) in paragraph at lines 28--30

 []


Underfull \hbox (badness 10000) in paragraph at lines 28--30

 []


Underfull \hbox (badness 10000) in paragraph at lines 32--49

 []


Underfull \hbox (badness 10000) in paragraph at lines 32--49

 []


Underfull \hbox (badness 10000) in paragraph at lines 32--49

 []

[1

{C:/Users/EricksonMuller/scoop/apps/latex/current/texmfs/data/fonts/map/pdftex/
pdftex.map}]
Overfull \hbox (5.8775pt too wide) in paragraph at lines 59--68
|  \OT1/cmr/m/n/10 * $[]$ 
 []


Underfull \hbox (badness 10000) in paragraph at lines 59--68

 []


Underfull \hbox (badness 10000) in paragraph at lines 59--68

 []


Underfull \hbox (badness 10000) in paragraph at lines 68--72

 []

[2]
Underfull \hbox (badness 10000) in paragraph at lines 78--79

 []


Underfull \hbox (badness 10000) in paragraph at lines 84--85

 []


Underfull \hbox (badness 10000) in paragraph at lines 94--95

 []


Underfull \hbox (badness 10000) in paragraph at lines 96--97

 []

[3] [4] (Revisão P1.aux)
 ***********
LaTeX2e <2023-11-01> patch level 1
L3 programming layer <2024-01-04>
 ***********
 ) 
Here is how much of TeX's memory you used:
 14089 strings out of 474485
 289177 string characters out of 5734749
 1937542 words of memory out of 5000000
 36139 multiletter control sequences out of 15000+600000
 566278 words of font info for 68 fonts, out of 8000000 for 9000
 1141 hyphenation exceptions out of 8191
 102i,12n,107p,498b,220s stack positions out of 10000i,1000n,20000p,200000b,200000s
<C:/Users/EricksonMuller/scoop/apps/latex/current/texmfs/install/fonts/type1/
public/amsfonts/cm/cmbx10.pfb><C:/Users/EricksonMuller/scoop/apps/latex/current
/texmfs/install/fonts/type1/public/amsfonts/cm/cmbx12.pfb><C:/Users/EricksonMul
ler/scoop/apps/latex/current/texmfs/install/fonts/type1/public/amsfonts/cm/cmmi
10.pfb><C:/Users/EricksonMuller/scoop/apps/latex/current/texmfs/install/fonts/t
ype1/public/amsfonts/cm/cmmi7.pfb><C:/Users/EricksonMuller/scoop/apps/latex/cur
rent/texmfs/install/fonts/type1/public/amsfonts/cm/cmr10.pfb><C:/Users/Erickson
Muller/scoop/apps/latex/current/texmfs/install/fonts/type1/public/amsfonts/cm/c
mr12.pfb><C:/Users/EricksonMuller/scoop/apps/latex/current/texmfs/install/fonts
/type1/public/amsfonts/cm/cmr17.pfb><C:/Users/EricksonMuller/scoop/apps/latex/c
urrent/texmfs/install/fonts/type1/public/amsfonts/cm/cmr5.pfb><C:/Users/Erickso
nMuller/scoop/apps/latex/current/texmfs/install/fonts/type1/public/amsfonts/cm/
cmr7.pfb><C:/Users/EricksonMuller/scoop/apps/latex/current/texmfs/install/fonts
/type1/public/amsfonts/cm/cmsy10.pfb><C:/Users/EricksonMuller/scoop/apps/latex/
current/texmfs/install/fonts/type1/public/amsfonts/cm/cmsy5.pfb><C:/Users/Erick
sonMuller/scoop/apps/latex/current/texmfs/install/fonts/type1/public/amsfonts/c
m/cmsy7.pfb><C:/Users/EricksonMuller/scoop/apps/latex/current/texmfs/install/fo
nts/type1/public/amsfonts/cm/cmti10.pfb><C:/Users/EricksonMuller/scoop/apps/lat
ex/current/texmfs/install/fonts/type1/public/amsfonts/latxfont/line10.pfb><C:/U
sers/EricksonMuller/scoop/apps/latex/current/texmfs/install/fonts/type1/public/
amsfonts/symbols/msbm10.pfb>
Output written on "Revisão P1.pdf" (4 pages, 169935 bytes).
PDF statistics:
 93 PDF objects out of 1000 (max. 8388607)
 0 named destinations out of 1000 (max. 500000)
 13 words of extra memory for PDF output out of 10000 (max. 10000000)

