This is pdfTeX, Version 3.141592653-2.6-1.40.29 (TeX Live 2026/Arch Linux) (preloaded format=pdflatex 2026.3.9)  26 MAR 2026 21:53
entering extended mode
 restricted \write18 enabled.
 %&-line parsing enabled.
**"RevisĂŁo P1.tex"
(./RevisĂŁo P1.tex
LaTeX2e <2025-11-01>
L3 programming layer <2026-01-19>
(/usr/share/texmf-dist/tex/latex/base/article.cls
Document Class: article 2025/01/22 v1.4n Standard LaTeX document class
(/usr/share/texmf-dist/tex/latex/base/size12.clo
File: size12.clo 2025/01/22 v1.4n Standard LaTeX file (size option)
)
\c@part=\count275
\c@section=\count276
\c@subsection=\count277
\c@subsubsection=\count278
\c@paragraph=\count279
\c@subparagraph=\count280
\c@figure=\count281
\c@table=\count282
\abovecaptionskip=\skip49
\belowcaptionskip=\skip50
\bibindent=\dimen148
)
(/usr/share/texmf-dist/tex/latex/tools/indentfirst.sty
Package: indentfirst 2023/07/02 v1.03 Indent first paragraph (DPC)
)
(/usr/share/texmf-dist/tex/latex/l3backend/l3backend-pdftex.def
File: l3backend-pdftex.def 2025-10-09 L3 backend support: PDF output (pdfTeX)
\l__color_backend_stack_int=\count283
)
(./RevisĂŁo P1.aux)
\openout1 = `"RevisĂŁo P1.aux"'.

LaTeX Font Info:    Checking defaults for OML/cmm/m/it on input line 8.
LaTeX Font Info:    ... okay on input line 8.
LaTeX Font Info:    Checking defaults for OMS/cmsy/m/n on input line 8.
LaTeX Font Info:    ... okay on input line 8.
LaTeX Font Info:    Checking defaults for OT1/cmr/m/n on input line 8.
LaTeX Font Info:    ... okay on input line 8.
LaTeX Font Info:    Checking defaults for T1/cmr/m/n on input line 8.
LaTeX Font Info:    ... okay on input line 8.
LaTeX Font Info:    Checking defaults for TS1/cmr/m/n on input line 8.
LaTeX Font Info:    ... okay on input line 8.
LaTeX Font Info:    Checking defaults for OMX/cmex/m/n on input line 8.
LaTeX Font Info:    ... okay on input line 8.
LaTeX Font Info:    Checking defaults for U/cmr/m/n on input line 8.
LaTeX Font Info:    ... okay on input line 8.
LaTeX Font Info:    External font `cmex10' loaded for size
(Font)              <14.4> on input line 9.
LaTeX Font Info:    External font `cmex10' loaded for size
(Font)              <7> on input line 9.
 [1

{/var/lib/texmf/fonts/map/pdftex/updmap/pdftex.map}{/usr/share/texmf-dist/fonts
/enc/dvips/cm-super/cm-super-ts1.enc}]
LaTeX Font Info:    External font `cmex10' loaded for size
(Font)              <12> on input line 64.
LaTeX Font Info:    External font `cmex10' loaded for size
(Font)              <8> on input line 64.
LaTeX Font Info:    External font `cmex10' loaded for size
(Font)              <6> on input line 64.
 [2]
Underfull \hbox (badness 10000) in paragraph at lines 74--80

 []

LaTeX Font Info:    Trying to load font information for OMS+cmr on input line 9
8.
(/usr/share/texmf-dist/tex/latex/base/omscmr.fd
File: omscmr.fd 2024/11/19 v2.5n Standard LaTeX font definitions
)
LaTeX Font Info:    Font shape `OMS/cmr/m/n' in size <12> not available
(Font)              Font shape `OMS/cmsy/m/n' tried instead on input line 98.
 [3]
Overfull \hbox (21.88463pt too wide) in paragraph at lines 120--121
[]\OT1/cmr/m/n/12 3\TS1/cmr/m/n/12 Ş \OT1/cmr/m/n/12 transi^^Xc~ao: $[0\OML/cmm
/m/it/12 ; aaabbb; X\OT1/cmr/m/n/12 ] \OMS/cmsy/m/n/12 ` \OT1/cmr/m/n/12 [0\OML
/cmm/m/it/12 ; aabbb; AX\OT1/cmr/m/n/12 ] \OMS/cmsy/m/n/12 ` \OT1/cmr/m/n/12 [0
\OML/cmm/m/it/12 ; abbb; AAX\OT1/cmr/m/n/12 ] \OMS/cmsy/m/n/12 ` \OT1/cmr/m/n/1
2 [0\OML/cmm/m/it/12 ; bbb; AAAX\OT1/cmr/m/n/12 ]$ 
 []


Overfull \hbox (32.55125pt too wide) in paragraph at lines 122--123
[]\OT1/cmr/m/n/12 4\TS1/cmr/m/n/12 Ş \OT1/cmr/m/n/12 transi^^Xc~ao: $[0\OML/cmm
/m/it/12 ; aaabbb; X\OT1/cmr/m/n/12 ] \OMS/cmsy/m/n/12 ` \OT1/cmr/m/n/12 [0\OML
/cmm/m/it/12 ; aabbb; AX\OT1/cmr/m/n/12 ] \OMS/cmsy/m/n/12 ` \OT1/cmr/m/n/12 [0
\OML/cmm/m/it/12 ; abbb; AAX\OT1/cmr/m/n/12 ] \OMS/cmsy/m/n/12 ` \OT1/cmr/m/n/1
2 [0\OML/cmm/m/it/12 ; bbb; AAAX\OT1/cmr/m/n/12 ] \OMS/cmsy/m/n/12 `
 []


Overfull \hbox (32.55125pt too wide) in paragraph at lines 124--125
[]\OT1/cmr/m/n/12 5\TS1/cmr/m/n/12 Ş \OT1/cmr/m/n/12 transi^^Xc~ao: $[0\OML/cmm
/m/it/12 ; aaabbb; X\OT1/cmr/m/n/12 ] \OMS/cmsy/m/n/12 ` \OT1/cmr/m/n/12 [0\OML
/cmm/m/it/12 ; aabbb; AX\OT1/cmr/m/n/12 ] \OMS/cmsy/m/n/12 ` \OT1/cmr/m/n/12 [0
\OML/cmm/m/it/12 ; abbb; AAX\OT1/cmr/m/n/12 ] \OMS/cmsy/m/n/12 ` \OT1/cmr/m/n/1
2 [0\OML/cmm/m/it/12 ; bbb; AAAX\OT1/cmr/m/n/12 ] \OMS/cmsy/m/n/12 `
 []


Overfull \hbox (32.55125pt too wide) in paragraph at lines 126--127
[]\OT1/cmr/m/n/12 6\TS1/cmr/m/n/12 Ş \OT1/cmr/m/n/12 transi^^Xc~ao: $[0\OML/cmm
/m/it/12 ; aaabbb; X\OT1/cmr/m/n/12 ] \OMS/cmsy/m/n/12 ` \OT1/cmr/m/n/12 [0\OML
/cmm/m/it/12 ; aabbb; AX\OT1/cmr/m/n/12 ] \OMS/cmsy/m/n/12 ` \OT1/cmr/m/n/12 [0
\OML/cmm/m/it/12 ; abbb; AAX\OT1/cmr/m/n/12 ] \OMS/cmsy/m/n/12 ` \OT1/cmr/m/n/1
2 [0\OML/cmm/m/it/12 ; bbb; AAAX\OT1/cmr/m/n/12 ] \OMS/cmsy/m/n/12 `
 []


Overfull \hbox (32.55125pt too wide) in paragraph at lines 128--129
[]\OT1/cmr/m/n/12 7\TS1/cmr/m/n/12 Ş \OT1/cmr/m/n/12 transi^^Xc~ao: $[0\OML/cmm
/m/it/12 ; aaabbb; X\OT1/cmr/m/n/12 ] \OMS/cmsy/m/n/12 ` \OT1/cmr/m/n/12 [0\OML
/cmm/m/it/12 ; aabbb; AX\OT1/cmr/m/n/12 ] \OMS/cmsy/m/n/12 ` \OT1/cmr/m/n/12 [0
\OML/cmm/m/it/12 ; abbb; AAX\OT1/cmr/m/n/12 ] \OMS/cmsy/m/n/12 ` \OT1/cmr/m/n/1
2 [0\OML/cmm/m/it/12 ; bbb; AAAX\OT1/cmr/m/n/12 ] \OMS/cmsy/m/n/12 `
 []


LaTeX Warning: Command \O invalid in math mode on input line 144.

[4] [5]
Underfull \hbox (badness 10000) in paragraph at lines 226--229

 []

[6]
Underfull \hbox (badness 10000) in paragraph at lines 230--235

 []


Underfull \hbox (badness 10000) in paragraph at lines 237--238

 []

[7] (./RevisĂŁo P1.aux)
 ***********
LaTeX2e <2025-11-01>
L3 programming layer <2026-01-19>
 ***********
 ) 
Here is how much of TeX's memory you used:
 523 strings out of 469515
 9668 string characters out of 5470808
 442756 words of memory out of 5000000
 29236 multiletter control sequences out of 15000+600000
 633950 words of font info for 60 fonts, out of 8000000 for 9000
 14 hyphenation exceptions out of 8191
 35i,7n,38p,462b,262s stack positions out of 10000i,1000n,20000p,200000b,200000s
</usr/share/texmf-dist/fonts/type1/public/amsfonts/cm/cmbx12.pfb></usr/share/
texmf-dist/fonts/type1/public/amsfonts/cm/cmex10.pfb></usr/share/texmf-dist/fon
ts/type1/public/amsfonts/cm/cmmi12.pfb></usr/share/texmf-dist/fonts/type1/publi
c/amsfonts/cm/cmmi8.pfb></usr/share/texmf-dist/fonts/type1/public/amsfonts/cm/c
mr12.pfb></usr/share/texmf-dist/fonts/type1/public/amsfonts/cm/cmr17.pfb></usr/
share/texmf-dist/fonts/type1/public/amsfonts/cm/cmsy10.pfb></usr/share/texmf-di
st/fonts/type1/public/amsfonts/cm/cmsy8.pfb></usr/share/texmf-dist/fonts/type1/
public/amsfonts/cm/cmti12.pfb></usr/share/texmf-dist/fonts/type1/public/cm-supe
r/sfrm1200.pfb></usr/share/texmf-dist/fonts/type1/public/cm-super/sfti1200.pfb>

Output written on "RevisĂŁo P1.pdf" (7 pages, 147733 bytes).
PDF statistics:
 84 PDF objects out of 1000 (max. 8388607)
 52 compressed objects within 1 object stream
 0 named destinations out of 1000 (max. 500000)
 1 words of extra memory for PDF output out of 10000 (max. 10000000)

