This is pdfTeX, Version 3.141592653-2.6-1.40.26 (MiKTeX 24.3) (preloaded format=pdflatex 2024.3.13)  26 APR 2024 10:42
entering extended mode
 restricted \write18 enabled.
 %&-line parsing enabled.
**./T3-20230001178.tex
(T3-20230001178.tex
LaTeX2e <2023-11-01> patch level 1
L3 programming layer <2024-02-20>

(C:\Users\ericksonmuller\AppData\Local\Programs\MiKTeX\tex/latex/base\article.c
ls
Document Class: article 2023/05/17 v1.4n Standard LaTeX document class

(C:\Users\ericksonmuller\AppData\Local\Programs\MiKTeX\tex/latex/base\size10.cl
o
File: size10.clo 2023/05/17 v1.4n Standard LaTeX file (size option)
)
\c@part=\count188
\c@section=\count189
\c@subsection=\count190
\c@subsubsection=\count191
\c@paragraph=\count192
\c@subparagraph=\count193
\c@figure=\count194
\c@table=\count195
\abovecaptionskip=\skip48
\belowcaptionskip=\skip49
\bibindent=\dimen140
)
(C:\Users\ericksonmuller\AppData\Local\Programs\MiKTeX\tex/generic/babel\babel.
sty
Package: babel 2024/02/07 v24.2 The Babel package
\babel@savecnt=\count196
\U@D=\dimen141
\l@unhyphenated=\language79

(C:\Users\ericksonmuller\AppData\Local\Programs\MiKTeX\tex/generic/babel\txtbab
el.def)
\bbl@readstream=\read2
\bbl@dirlevel=\count197

*************************************
* Local config file bblopts.cfg used
*

(C:\Users\ericksonmuller\AppData\Local\Programs\MiKTeX\tex/latex/arabi\bblopts.
cfg
File: bblopts.cfg 2005/09/08 v0.1 add Arabic and Farsi to "declared" options of
 babel
)
(C:\Users\ericksonmuller\AppData\Local\Programs\MiKTeX\tex/latex/babel-portuges
\brazil.ldf
Language: portuges 2021/07/09 v1.2t Portuguese support from the babel system
Package babel Info: Hyphen rules for 'brazil' set to \l@portuguese
(babel)             (\language56). Reported on input line 111.
Package babel Info: Making " an active character on input line 143.
))
(C:\Users\ericksonmuller\AppData\Local\Programs\MiKTeX\tex/latex/graphics\graph
icx.sty
Package: graphicx 2021/09/16 v1.2d Enhanced LaTeX Graphics (DPC,SPQR)

(C:\Users\ericksonmuller\AppData\Local\Programs\MiKTeX\tex/latex/graphics\keyva
l.sty
Package: keyval 2022/05/29 v1.15 key=value parser (DPC)
\KV@toks@=\toks17
)
(C:\Users\ericksonmuller\AppData\Local\Programs\MiKTeX\tex/latex/graphics\graph
ics.sty
Package: graphics 2022/03/10 v1.4e Standard LaTeX Graphics (DPC,SPQR)

(C:\Users\ericksonmuller\AppData\Local\Programs\MiKTeX\tex/latex/graphics\trig.
sty
Package: trig 2021/08/11 v1.11 sin cos tan (DPC)
)
(C:\Users\ericksonmuller\AppData\Local\Programs\MiKTeX\tex/latex/graphics-cfg\g
raphics.cfg
File: graphics.cfg 2016/06/04 v1.11 sample graphics configuration
)
Package graphics Info: Driver file: pdftex.def on input line 107.

(C:\Users\ericksonmuller\AppData\Local\Programs\MiKTeX\tex/latex/graphics-def\p
dftex.def
File: pdftex.def 2022/09/22 v1.2b Graphics/color driver for pdftex
))
\Gin@req@height=\dimen142
\Gin@req@width=\dimen143
)
(C:\Users\ericksonmuller\AppData\Local\Programs\MiKTeX\tex/latex/amsmath\amsmat
h.sty
Package: amsmath 2023/05/13 v2.17o AMS math features
\@mathmargin=\skip50

For additional information on amsmath, use the `?' option.

(C:\Users\ericksonmuller\AppData\Local\Programs\MiKTeX\tex/latex/amsmath\amstex
t.sty
Package: amstext 2021/08/26 v2.01 AMS text

(C:\Users\ericksonmuller\AppData\Local\Programs\MiKTeX\tex/latex/amsmath\amsgen
.sty
File: amsgen.sty 1999/11/30 v2.0 generic functions
\@emptytoks=\toks18
\ex@=\dimen144
))
(C:\Users\ericksonmuller\AppData\Local\Programs\MiKTeX\tex/latex/amsmath\amsbsy
.sty
Package: amsbsy 1999/11/29 v1.2d Bold Symbols
\pmbraise@=\dimen145
)
(C:\Users\ericksonmuller\AppData\Local\Programs\MiKTeX\tex/latex/amsmath\amsopn
.sty
Package: amsopn 2022/04/08 v2.04 operator names
)
\inf@bad=\count198
LaTeX Info: Redefining \frac on input line 234.
\uproot@=\count199
\leftroot@=\count266
LaTeX Info: Redefining \overline on input line 399.
LaTeX Info: Redefining \colon on input line 410.
\classnum@=\count267
\DOTSCASE@=\count268
LaTeX Info: Redefining \ldots on input line 496.
LaTeX Info: Redefining \dots on input line 499.
LaTeX Info: Redefining \cdots on input line 620.
\Mathstrutbox@=\box51
\strutbox@=\box52
LaTeX Info: Redefining \big on input line 722.
LaTeX Info: Redefining \Big on input line 723.
LaTeX Info: Redefining \bigg on input line 724.
LaTeX Info: Redefining \Bigg on input line 725.
\big@size=\dimen146
LaTeX Font Info:    Redeclaring font encoding OML on input line 743.
LaTeX Font Info:    Redeclaring font encoding OMS on input line 744.
\macc@depth=\count269
LaTeX Info: Redefining \bmod on input line 905.
LaTeX Info: Redefining \pmod on input line 910.
LaTeX Info: Redefining \smash on input line 940.
LaTeX Info: Redefining \relbar on input line 970.
LaTeX Info: Redefining \Relbar on input line 971.
\c@MaxMatrixCols=\count270
\dotsspace@=\muskip16
\c@parentequation=\count271
\dspbrk@lvl=\count272
\tag@help=\toks19
\row@=\count273
\column@=\count274
\maxfields@=\count275
\andhelp@=\toks20
\eqnshift@=\dimen147
\alignsep@=\dimen148
\tagshift@=\dimen149
\tagwidth@=\dimen150
\totwidth@=\dimen151
\lineht@=\dimen152
\@envbody=\toks21
\multlinegap=\skip51
\multlinetaggap=\skip52
\mathdisplay@stack=\toks22
LaTeX Info: Redefining \[ on input line 2953.
LaTeX Info: Redefining \] on input line 2954.
)
(C:\Users\ericksonmuller\AppData\Local\Programs\MiKTeX\tex/latex/l3backend\l3ba
ckend-pdftex.def
File: l3backend-pdftex.def 2024-02-20 L3 backend support: PDF output (pdfTeX)
\l__color_backend_stack_int=\count276
\l__pdf_internal_box=\box53
) (T3-20230001178.aux)
\openout1 = `T3-20230001178.aux'.

LaTeX Font Info:    Checking defaults for OML/cmm/m/it on input line 10.
LaTeX Font Info:    ... okay on input line 10.
LaTeX Font Info:    Checking defaults for OMS/cmsy/m/n on input line 10.
LaTeX Font Info:    ... okay on input line 10.
LaTeX Font Info:    Checking defaults for OT1/cmr/m/n on input line 10.
LaTeX Font Info:    ... okay on input line 10.
LaTeX Font Info:    Checking defaults for T1/cmr/m/n on input line 10.
LaTeX Font Info:    ... okay on input line 10.
LaTeX Font Info:    Checking defaults for TS1/cmr/m/n on input line 10.
LaTeX Font Info:    ... okay on input line 10.
LaTeX Font Info:    Checking defaults for OMX/cmex/m/n on input line 10.
LaTeX Font Info:    ... okay on input line 10.
LaTeX Font Info:    Checking defaults for U/cmr/m/n on input line 10.
LaTeX Font Info:    ... okay on input line 10.

(C:\Users\ericksonmuller\AppData\Local\Programs\MiKTeX\tex/context/base/mkii\su
pp-pdf.mkii
[Loading MPS to PDF converter (version 2006.09.02).]
\scratchcounter=\count277
\scratchdimen=\dimen153
\scratchbox=\box54
\nofMPsegments=\count278
\nofMParguments=\count279
\everyMPshowfont=\toks23
\MPscratchCnt=\count280
\MPscratchDim=\dimen154
\MPnumerator=\count281
\makeMPintoPDFobject=\count282
\everyMPtoPDFconversion=\toks24
)
(C:\Users\ericksonmuller\AppData\Local\Programs\MiKTeX\tex/latex/epstopdf-pkg\e
pstopdf-base.sty
Package: epstopdf-base 2020-01-24 v2.11 Base part for package epstopdf

(C:\Users\ericksonmuller\AppData\Local\Programs\MiKTeX\tex/generic/infwarerr\in
fwarerr.sty
Package: infwarerr 2019/12/03 v1.5 Providing info/warning/error messages (HO)
)
(C:\Users\ericksonmuller\AppData\Local\Programs\MiKTeX\tex/latex/grfext\grfext.
sty
Package: grfext 2019/12/03 v1.3 Manage graphics extensions (HO)

(C:\Users\ericksonmuller\AppData\Local\Programs\MiKTeX\tex/generic/kvdefinekeys
\kvdefinekeys.sty
Package: kvdefinekeys 2019-12-19 v1.6 Define keys (HO)
))
(C:\Users\ericksonmuller\AppData\Local\Programs\MiKTeX\tex/latex/kvoptions\kvop
tions.sty
Package: kvoptions 2022-06-15 v3.15 Key value format for package options (HO)

(C:\Users\ericksonmuller\AppData\Local\Programs\MiKTeX\tex/generic/ltxcmds\ltxc
mds.sty
Package: ltxcmds 2023-12-04 v1.26 LaTeX kernel commands for general use (HO)
)
(C:\Users\ericksonmuller\AppData\Local\Programs\MiKTeX\tex/latex/kvsetkeys\kvse
tkeys.sty
Package: kvsetkeys 2022-10-05 v1.19 Key value parser (HO)
))
(C:\Users\ericksonmuller\AppData\Local\Programs\MiKTeX\tex/generic/pdftexcmds\p
dftexcmds.sty
Package: pdftexcmds 2020-06-27 v0.33 Utility functions of pdfTeX for LuaTeX (HO
)

(C:\Users\ericksonmuller\AppData\Local\Programs\MiKTeX\tex/generic/iftex\iftex.
sty
Package: iftex 2022/02/03 v1.0f TeX engine tests
)
Package pdftexcmds Info: \pdf@primitive is available.
Package pdftexcmds Info: \pdf@ifprimitive is available.
Package pdftexcmds Info: \pdfdraftmode found.
)
Package epstopdf-base Info: Redefining graphics rule for `.eps' on input line 4
85.
Package grfext Info: Graphics extension search list:
(grfext)             [.pdf,.png,.jpg,.mps,.jpeg,.jbig2,.jb2,.PDF,.PNG,.JPG,.JPE
G,.JBIG2,.JB2,.eps]
(grfext)             \AppendGraphicsExtensions on input line 504.

(C:\Users\ericksonmuller\AppData\Local\Programs\MiKTeX\tex/latex/00miktex\epsto
pdf-sys.cfg
File: epstopdf-sys.cfg 2021/03/18 v2.0 Configuration of epstopdf for MiKTeX
)) [1

{C:/Users/ericksonmuller/AppData/Local/MiKTeX/fonts/map/pdftex/pdftex.map}]
<Images/Circuito Alarme.jpg, id=8, 803.25093pt x 548.80031pt>
File: Images/Circuito Alarme.jpg Graphic file (type jpg)
<use Images/Circuito Alarme.jpg>
Package pdftex.def Info: Images/Circuito Alarme.jpg  used on input line 14.
(pdftex.def)             Requested size: 401.62448pt x 274.39948pt.

Overfull \hbox (56.62448pt too wide) in paragraph at lines 14--15
[] 
 []

[2 <./Images/Circuito Alarme.jpg>]
Underfull \hbox (badness 10000) in paragraph at lines 46--50

 []


Underfull \hbox (badness 10000) in paragraph at lines 46--50

 []


Underfull \hbox (badness 10000) in paragraph at lines 46--50

 []


Underfull \hbox (badness 10000) in paragraph at lines 46--50

 []

<Images/Tinkercad 01.jpg, id=14, 611.28375pt x 570.63188pt>
File: Images/Tinkercad 01.jpg Graphic file (type jpg)
<use Images/Tinkercad 01.jpg>
Package pdftex.def Info: Images/Tinkercad 01.jpg  used on input line 53.
(pdftex.def)             Requested size: 305.64113pt x 285.31525pt.

Underfull \hbox (badness 10000) in paragraph at lines 52--54

 []

[3]
<Images/Tinkercad 02.jpg, id=19, 603.75563pt x 564.60938pt>
File: Images/Tinkercad 02.jpg Graphic file (type jpg)
<use Images/Tinkercad 02.jpg>
Package pdftex.def Info: Images/Tinkercad 02.jpg  used on input line 57.
(pdftex.def)             Requested size: 301.87708pt x 282.30399pt.

Underfull \hbox (badness 10000) in paragraph at lines 55--58

 []

[4 <./Images/Tinkercad 01.jpg>]
<Images/Tinkercad 03.jpg, id=23, 603.0028pt x 560.0925pt>
File: Images/Tinkercad 03.jpg Graphic file (type jpg)
<use Images/Tinkercad 03.jpg>
Package pdftex.def Info: Images/Tinkercad 03.jpg  used on input line 60.
(pdftex.def)             Requested size: 301.50066pt x 280.04556pt.
<Images/Tinkercad 04.jpg, id=24, 596.98032pt x 561.59813pt>
File: Images/Tinkercad 04.jpg Graphic file (type jpg)
<use Images/Tinkercad 04.jpg>
Package pdftex.def Info: Images/Tinkercad 04.jpg  used on input line 62.
(pdftex.def)             Requested size: 298.48943pt x 280.79837pt.

Underfull \hbox (badness 10000) in paragraph at lines 59--63

 []

[5 <./Images/Tinkercad 02.jpg>] [6 <./Images/Tinkercad 03.jpg>]
<Images/Tinkercad 05.jpg, id=31, 598.48593pt x 563.85657pt>
File: Images/Tinkercad 05.jpg Graphic file (type jpg)
<use Images/Tinkercad 05.jpg>
Package pdftex.def Info: Images/Tinkercad 05.jpg  used on input line 65.
(pdftex.def)             Requested size: 299.24223pt x 281.9276pt.

Underfull \hbox (badness 10000) in paragraph at lines 64--66

 []

[7 <./Images/Tinkercad 04.jpg>]
<Images/Tinkercad 06.jpg, id=36, 599.23875pt x 569.12625pt>
File: Images/Tinkercad 06.jpg Graphic file (type jpg)
<use Images/Tinkercad 06.jpg>
Package pdftex.def Info: Images/Tinkercad 06.jpg  used on input line 68.
(pdftex.def)             Requested size: 299.61864pt x 284.56242pt.
 [8 <./Images/Tinkercad 05.jpg>] [9 <./Images/Tinkercad 06.jpg>]
<Images/Protoboard Side.jpeg, id=43, 1606.0pt x 739.76375pt>
File: Images/Protoboard Side.jpeg Graphic file (type jpg)
<use Images/Protoboard Side.jpeg>
Package pdftex.def Info: Images/Protoboard Side.jpeg  used on input line 73.
(pdftex.def)             Requested size: 401.49902pt x 184.94048pt.
<Images/Protoboard Top.jpeg, id=44, 1606.0pt x 739.76375pt>
File: Images/Protoboard Top.jpeg Graphic file (type jpg)
<use Images/Protoboard Top.jpeg>
Package pdftex.def Info: Images/Protoboard Top.jpeg  used on input line 74.
(pdftex.def)             Requested size: 401.49902pt x 184.94048pt.
<Images/Protoboard Jumpers.jpeg, id=45, 1606.0pt x 739.76375pt>
File: Images/Protoboard Jumpers.jpeg Graphic file (type jpg)
<use Images/Protoboard Jumpers.jpeg>
Package pdftex.def Info: Images/Protoboard Jumpers.jpeg  used on input line 76.

(pdftex.def)             Requested size: 401.49902pt x 184.94048pt.
<Images/Protoboard Jumpers 2.jpeg, id=46, 1606.0pt x 739.76375pt>
File: Images/Protoboard Jumpers 2.jpeg Graphic file (type jpg)
<use Images/Protoboard Jumpers 2.jpeg>
Package pdftex.def Info: Images/Protoboard Jumpers 2.jpeg  used on input line 7
7.
(pdftex.def)             Requested size: 401.49902pt x 184.94048pt.

Underfull \hbox (badness 10000) in paragraph at lines 72--78

 []


Overfull \hbox (56.49902pt too wide) in paragraph at lines 72--78
[] 
 []


Overfull \hbox (56.49902pt too wide) in paragraph at lines 72--78
[]
 []


Underfull \hbox (badness 10000) in paragraph at lines 72--78

 []


Overfull \hbox (56.49902pt too wide) in paragraph at lines 72--78
[] 
 []


Overfull \hbox (56.49902pt too wide) in paragraph at lines 72--78
[] 
 []


Underfull \hbox (badness 10000) in paragraph at lines 72--78

 []

[10 <./Images/Protoboard Side.jpeg> <./Images/Protoboard Top.jpeg>]
<Images/Protoboard 000 Down.jpeg, id=50, 1606.0pt x 739.76375pt>
File: Images/Protoboard 000 Down.jpeg Graphic file (type jpg)
<use Images/Protoboard 000 Down.jpeg>
Package pdftex.def Info: Images/Protoboard 000 Down.jpeg  used on input line 79
.
(pdftex.def)             Requested size: 401.49902pt x 184.94048pt.
<Images/Protoboard 000 Top.jpeg, id=51, 1606.0pt x 739.76375pt>
File: Images/Protoboard 000 Top.jpeg Graphic file (type jpg)
<use Images/Protoboard 000 Top.jpeg>
Package pdftex.def Info: Images/Protoboard 000 Top.jpeg  used on input line 80.

(pdftex.def)             Requested size: 401.49902pt x 184.94048pt.

Overfull \hbox (56.49902pt too wide) in paragraph at lines 79--81
[] 
 []


Overfull \hbox (56.49902pt too wide) in paragraph at lines 79--81
[] 
 []


Underfull \hbox (badness 10000) in paragraph at lines 79--81

 []

[11 <./Images/Protoboard Jumpers.jpeg> <./Images/Protoboard Jumpers 2.jpeg>]
<Images/Protoboard 011 Down.jpeg, id=55, 1606.0pt x 739.76375pt>
File: Images/Protoboard 011 Down.jpeg Graphic file (type jpg)
<use Images/Protoboard 011 Down.jpeg>
Package pdftex.def Info: Images/Protoboard 011 Down.jpeg  used on input line 82
.
(pdftex.def)             Requested size: 401.49902pt x 184.94048pt.
<Images/Protoboard 011 Top.jpeg, id=56, 1606.0pt x 739.76375pt>
File: Images/Protoboard 011 Top.jpeg Graphic file (type jpg)
<use Images/Protoboard 011 Top.jpeg>
Package pdftex.def Info: Images/Protoboard 011 Top.jpeg  used on input line 83.

(pdftex.def)             Requested size: 401.49902pt x 184.94048pt.

Overfull \hbox (56.49902pt too wide) in paragraph at lines 82--84
[] 
 []


Overfull \hbox (56.49902pt too wide) in paragraph at lines 82--84
[] 
 []


Underfull \hbox (badness 10000) in paragraph at lines 82--84

 []

[12 <./Images/Protoboard 000 Down.jpeg> <./Images/Protoboard 000 Top.jpeg>]
<Images/Protoboard 110 Down.jpeg, id=60, 1606.0pt x 739.76375pt>
File: Images/Protoboard 110 Down.jpeg Graphic file (type jpg)
<use Images/Protoboard 110 Down.jpeg>
Package pdftex.def Info: Images/Protoboard 110 Down.jpeg  used on input line 85
.
(pdftex.def)             Requested size: 401.49902pt x 184.94048pt.
<Images/Protoboard 110 Top.jpeg, id=61, 1606.0pt x 739.76375pt>
File: Images/Protoboard 110 Top.jpeg Graphic file (type jpg)
<use Images/Protoboard 110 Top.jpeg>
Package pdftex.def Info: Images/Protoboard 110 Top.jpeg  used on input line 86.

(pdftex.def)             Requested size: 401.49902pt x 184.94048pt.

Overfull \hbox (56.49902pt too wide) in paragraph at lines 85--87
[] 
 []


Overfull \hbox (56.49902pt too wide) in paragraph at lines 85--87
[] 
 []


Underfull \hbox (badness 10000) in paragraph at lines 85--87

 []

[13 <./Images/Protoboard 011 Down.jpeg> <./Images/Protoboard 011 Top.jpeg>]
<Images/Protoboard 111 Down.jpeg, id=66, 1606.0pt x 739.76375pt>
File: Images/Protoboard 111 Down.jpeg Graphic file (type jpg)
<use Images/Protoboard 111 Down.jpeg>
Package pdftex.def Info: Images/Protoboard 111 Down.jpeg  used on input line 88
.
(pdftex.def)             Requested size: 401.49902pt x 184.94048pt.

Overfull \hbox (56.49902pt too wide) in paragraph at lines 88--89
[] 
 []


Underfull \hbox (badness 10000) in paragraph at lines 88--89

 []

[14 <./Images/Protoboard 110 Down.jpeg> <./Images/Protoboard 110 Top.jpeg>]
[15 <./Images/Protoboard 111 Down.jpeg>] (T3-20230001178.aux)
 ***********
LaTeX2e <2023-11-01> patch level 1
L3 programming layer <2024-02-20>
 ***********
 ) 
Here is how much of TeX's memory you used:
 3735 strings out of 474435
 65723 string characters out of 5737685
 1932190 words of memory out of 5000000
 26044 multiletter control sequences out of 15000+600000
 563452 words of font info for 55 fonts, out of 8000000 for 9000
 1141 hyphenation exceptions out of 8191
 61i,6n,69p,478b,208s stack positions out of 10000i,1000n,20000p,200000b,200000s
<C:/Users/ericksonmuller/AppData/Local/Programs/MiKTeX/fonts/type1/public/ams
fonts/cm/cmbx10.pfb><C:/Users/ericksonmuller/AppData/Local/Programs/MiKTeX/font
s/type1/public/amsfonts/cm/cmbx12.pfb><C:/Users/ericksonmuller/AppData/Local/Pr
ograms/MiKTeX/fonts/type1/public/amsfonts/cm/cmmi10.pfb><C:/Users/ericksonmulle
r/AppData/Local/Programs/MiKTeX/fonts/type1/public/amsfonts/cm/cmr10.pfb><C:/Us
ers/ericksonmuller/AppData/Local/Programs/MiKTeX/fonts/type1/public/amsfonts/cm
/cmr12.pfb><C:/Users/ericksonmuller/AppData/Local/Programs/MiKTeX/fonts/type1/p
ublic/amsfonts/cm/cmr17.pfb>
Output written on T3-20230001178.pdf (15 pages, 2641564 bytes).
PDF statistics:
 99 PDF objects out of 1000 (max. 8388607)
 0 named destinations out of 1000 (max. 500000)
 91 words of extra memory for PDF output out of 10000 (max. 10000000)

