This is pdfTeX, Version 3.141592653-2.6-1.40.26 (MiKTeX 24.4) (preloaded format=pdflatex 2024.6.11)  4 JUL 2024 16:44
entering extended mode
 restricted \write18 enabled.
 %&-line parsing enabled.
**./Relatório.tex
(Relatório.tex
LaTeX2e <2024-06-01>
L3 programming layer <2024-05-08>

(C:\Users\EricksonMuller\AppData\Local\Programs\MiKTeX\tex/latex/base\article.c
ls
Document Class: article 2024/02/08 v1.4n Standard LaTeX document class

(C:\Users\EricksonMuller\AppData\Local\Programs\MiKTeX\tex/latex/base\size10.cl
o
File: size10.clo 2024/02/08 v1.4n Standard LaTeX file (size option)
)
\c@part=\count194
\c@section=\count195
\c@subsection=\count196
\c@subsubsection=\count197
\c@paragraph=\count198
\c@subparagraph=\count199
\c@figure=\count266
\c@table=\count267
\abovecaptionskip=\skip49
\belowcaptionskip=\skip50
\bibindent=\dimen141
)
(C:\Users\EricksonMuller\AppData\Local\Programs\MiKTeX\tex/generic/babel\babel.
sty
Package: babel 2024/05/18 v24.5 The Babel package
\babel@savecnt=\count268
\U@D=\dimen142
\l@unhyphenated=\language79

(C:\Users\EricksonMuller\AppData\Local\Programs\MiKTeX\tex/generic/babel\txtbab
el.def)
\bbl@readstream=\read2
\bbl@dirlevel=\count269

*************************************
* Local config file bblopts.cfg used
*

(C:\Users\EricksonMuller\AppData\Local\Programs\MiKTeX\tex/latex/arabi\bblopts.
cfg
File: bblopts.cfg 2005/09/08 v0.1 add Arabic and Farsi to "declared" options of
 babel
)
(C:\Users\EricksonMuller\AppData\Local\Programs\MiKTeX\tex/latex/babel-portuges
\portuguese.ldf
Language: portuges 2021/07/09 v1.2t Portuguese support from the babel system
Package babel Info: Making " an active character on input line 143.
))
(C:\Users\EricksonMuller\AppData\Local\Programs\MiKTeX\tex/generic/babel/locale
/pt\babel-portuguese.tex
Package babel Info: Importing font and identification data for portuguese
(babel)             from babel-pt.ini. Reported on input line 11.
)
(C:\Users\EricksonMuller\AppData\Local\Programs\MiKTeX\tex/latex/graphics\graph
icx.sty
Package: graphicx 2021/09/16 v1.2d Enhanced LaTeX Graphics (DPC,SPQR)

(C:\Users\EricksonMuller\AppData\Local\Programs\MiKTeX\tex/latex/graphics\keyva
l.sty
Package: keyval 2022/05/29 v1.15 key=value parser (DPC)
\KV@toks@=\toks17
)
(C:\Users\EricksonMuller\AppData\Local\Programs\MiKTeX\tex/latex/graphics\graph
ics.sty
Package: graphics 2022/03/10 v1.4e Standard LaTeX Graphics (DPC,SPQR)

(C:\Users\EricksonMuller\AppData\Local\Programs\MiKTeX\tex/latex/graphics\trig.
sty
Package: trig 2021/08/11 v1.11 sin cos tan (DPC)
)
(C:\Users\EricksonMuller\AppData\Local\Programs\MiKTeX\tex/latex/graphics-cfg\g
raphics.cfg
File: graphics.cfg 2016/06/04 v1.11 sample graphics configuration
)
Package graphics Info: Driver file: pdftex.def on input line 107.

(C:\Users\EricksonMuller\AppData\Local\Programs\MiKTeX\tex/latex/graphics-def\p
dftex.def
File: pdftex.def 2024/04/13 v1.2c Graphics/color driver for pdftex
))
\Gin@req@height=\dimen143
\Gin@req@width=\dimen144
)
(C:\Users\EricksonMuller\AppData\Local\Programs\MiKTeX\tex/latex/amsmath\amsmat
h.sty
Package: amsmath 2023/05/13 v2.17o AMS math features
\@mathmargin=\skip51

For additional information on amsmath, use the `?' option.

(C:\Users\EricksonMuller\AppData\Local\Programs\MiKTeX\tex/latex/amsmath\amstex
t.sty
Package: amstext 2021/08/26 v2.01 AMS text

(C:\Users\EricksonMuller\AppData\Local\Programs\MiKTeX\tex/latex/amsmath\amsgen
.sty
File: amsgen.sty 1999/11/30 v2.0 generic functions
\@emptytoks=\toks18
\ex@=\dimen145
))
(C:\Users\EricksonMuller\AppData\Local\Programs\MiKTeX\tex/latex/amsmath\amsbsy
.sty
Package: amsbsy 1999/11/29 v1.2d Bold Symbols
\pmbraise@=\dimen146
)
(C:\Users\EricksonMuller\AppData\Local\Programs\MiKTeX\tex/latex/amsmath\amsopn
.sty
Package: amsopn 2022/04/08 v2.04 operator names
)
\inf@bad=\count270
LaTeX Info: Redefining \frac on input line 234.
\uproot@=\count271
\leftroot@=\count272
LaTeX Info: Redefining \overline on input line 399.
LaTeX Info: Redefining \colon on input line 410.
\classnum@=\count273
\DOTSCASE@=\count274
LaTeX Info: Redefining \ldots on input line 496.
LaTeX Info: Redefining \dots on input line 499.
LaTeX Info: Redefining \cdots on input line 620.
\Mathstrutbox@=\box52
\strutbox@=\box53
LaTeX Info: Redefining \big on input line 722.
LaTeX Info: Redefining \Big on input line 723.
LaTeX Info: Redefining \bigg on input line 724.
LaTeX Info: Redefining \Bigg on input line 725.
\big@size=\dimen147
LaTeX Font Info:    Redeclaring font encoding OML on input line 743.
LaTeX Font Info:    Redeclaring font encoding OMS on input line 744.
\macc@depth=\count275
LaTeX Info: Redefining \bmod on input line 905.
LaTeX Info: Redefining \pmod on input line 910.
LaTeX Info: Redefining \smash on input line 940.
LaTeX Info: Redefining \relbar on input line 970.
LaTeX Info: Redefining \Relbar on input line 971.
\c@MaxMatrixCols=\count276
\dotsspace@=\muskip17
\c@parentequation=\count277
\dspbrk@lvl=\count278
\tag@help=\toks19
\row@=\count279
\column@=\count280
\maxfields@=\count281
\andhelp@=\toks20
\eqnshift@=\dimen148
\alignsep@=\dimen149
\tagshift@=\dimen150
\tagwidth@=\dimen151
\totwidth@=\dimen152
\lineht@=\dimen153
\@envbody=\toks21
\multlinegap=\skip52
\multlinetaggap=\skip53
\mathdisplay@stack=\toks22
LaTeX Info: Redefining \[ on input line 2953.
LaTeX Info: Redefining \] on input line 2954.
)
(C:\Users\EricksonMuller\AppData\Local\Programs\MiKTeX\tex/latex/l3backend\l3ba
ckend-pdftex.def
File: l3backend-pdftex.def 2024-05-08 L3 backend support: PDF output (pdfTeX)
\l__color_backend_stack_int=\count282
\l__pdf_internal_box=\box54
) (Relatório.aux)
\openout1 = `Relatório.aux'.

LaTeX Font Info:    Checking defaults for OML/cmm/m/it on input line 10.
LaTeX Font Info:    ... okay on input line 10.
LaTeX Font Info:    Checking defaults for OMS/cmsy/m/n on input line 10.
LaTeX Font Info:    ... okay on input line 10.
LaTeX Font Info:    Checking defaults for OT1/cmr/m/n on input line 10.
LaTeX Font Info:    ... okay on input line 10.
LaTeX Font Info:    Checking defaults for T1/cmr/m/n on input line 10.
LaTeX Font Info:    ... okay on input line 10.
LaTeX Font Info:    Checking defaults for TS1/cmr/m/n on input line 10.
LaTeX Font Info:    ... okay on input line 10.
LaTeX Font Info:    Checking defaults for OMX/cmex/m/n on input line 10.
LaTeX Font Info:    ... okay on input line 10.
LaTeX Font Info:    Checking defaults for U/cmr/m/n on input line 10.
LaTeX Font Info:    ... okay on input line 10.

(C:\Users\EricksonMuller\AppData\Local\Programs\MiKTeX\tex/context/base/mkii\su
pp-pdf.mkii
[Loading MPS to PDF converter (version 2006.09.02).]
\scratchcounter=\count283
\scratchdimen=\dimen154
\scratchbox=\box55
\nofMPsegments=\count284
\nofMParguments=\count285
\everyMPshowfont=\toks23
\MPscratchCnt=\count286
\MPscratchDim=\dimen155
\MPnumerator=\count287
\makeMPintoPDFobject=\count288
\everyMPtoPDFconversion=\toks24
)
(C:\Users\EricksonMuller\AppData\Local\Programs\MiKTeX\tex/latex/epstopdf-pkg\e
pstopdf-base.sty
Package: epstopdf-base 2020-01-24 v2.11 Base part for package epstopdf

(C:\Users\EricksonMuller\AppData\Local\Programs\MiKTeX\tex/generic/infwarerr\in
fwarerr.sty
Package: infwarerr 2019/12/03 v1.5 Providing info/warning/error messages (HO)
)
(C:\Users\EricksonMuller\AppData\Local\Programs\MiKTeX\tex/latex/grfext\grfext.
sty
Package: grfext 2019/12/03 v1.3 Manage graphics extensions (HO)

(C:\Users\EricksonMuller\AppData\Local\Programs\MiKTeX\tex/generic/kvdefinekeys
\kvdefinekeys.sty
Package: kvdefinekeys 2019-12-19 v1.6 Define keys (HO)
))
(C:\Users\EricksonMuller\AppData\Local\Programs\MiKTeX\tex/latex/kvoptions\kvop
tions.sty
Package: kvoptions 2022-06-15 v3.15 Key value format for package options (HO)

(C:\Users\EricksonMuller\AppData\Local\Programs\MiKTeX\tex/generic/ltxcmds\ltxc
mds.sty
Package: ltxcmds 2023-12-04 v1.26 LaTeX kernel commands for general use (HO)
)
(C:\Users\EricksonMuller\AppData\Local\Programs\MiKTeX\tex/latex/kvsetkeys\kvse
tkeys.sty
Package: kvsetkeys 2022-10-05 v1.19 Key value parser (HO)
))
(C:\Users\EricksonMuller\AppData\Local\Programs\MiKTeX\tex/generic/pdftexcmds\p
dftexcmds.sty
Package: pdftexcmds 2020-06-27 v0.33 Utility functions of pdfTeX for LuaTeX (HO
)

(C:\Users\EricksonMuller\AppData\Local\Programs\MiKTeX\tex/generic/iftex\iftex.
sty
Package: iftex 2022/02/03 v1.0f TeX engine tests
)
Package pdftexcmds Info: \pdf@primitive is available.
Package pdftexcmds Info: \pdf@ifprimitive is available.
Package pdftexcmds Info: \pdfdraftmode found.
)
Package epstopdf-base Info: Redefining graphics rule for `.eps' on input line 4
85.
Package grfext Info: Graphics extension search list:
(grfext)             [.pdf,.png,.jpg,.mps,.jpeg,.jbig2,.jb2,.PDF,.PNG,.JPG,.JPE
G,.JBIG2,.JB2,.eps]
(grfext)             \AppendGraphicsExtensions on input line 504.

(C:\Users\EricksonMuller\AppData\Local\Programs\MiKTeX\tex/latex/00miktex\epsto
pdf-sys.cfg
File: epstopdf-sys.cfg 2021/03/18 v2.0 Configuration of epstopdf for MiKTeX
))

[1

{C:/Users/EricksonMuller/AppData/Local/MiKTeX/fonts/map/pdftex/pdftex.map}]
<Images/Circuito Lógico.png, id=8, 259.7203pt x 348.55219pt>
File: Images/Circuito Lógico.png Graphic file (type png)
<use Images/Circuito Lógico.png>
Package pdftex.def Info: Images/Circuito Lógico.png  used on input line 16.
(pdftex.def)             Requested size: 207.77652pt x 278.8421pt.


[2 <./Images/Circuito Lógico.png>]
<Images/main.png, id=16, 731.73375pt x 333.49594pt>
File: Images/main.png Graphic file (type png)
<use Images/main.png>
Package pdftex.def Info: Images/main.png  used on input line 30.
(pdftex.def)             Requested size: 365.86598pt x 166.74756pt.

Overfull \hbox (45.86601pt too wide) in paragraph at lines 29--31
[] 
 []


Underfull \hbox (badness 10000) in paragraph at lines 29--31

 []

<Images/Registradores.png, id=17, 843.90282pt x 554.82281pt>
File: Images/Registradores.png Graphic file (type png)
<use Images/Registradores.png>
Package pdftex.def Info: Images/Registradores.png  used on input line 32.
(pdftex.def)             Requested size: 337.55515pt x 221.92519pt.

Overfull \hbox (17.55518pt too wide) in paragraph at lines 31--33
[] 
 []


Underfull \hbox (badness 10000) in paragraph at lines 31--33

 []



[3 <./Images/main.png> <./Images/Registradores.png>]
<Images/RX.png, id=23, 665.48625pt x 492.33937pt>
File: Images/RX.png Graphic file (type png)
<use Images/RX.png>
Package pdftex.def Info: Images/RX.png  used on input line 35.
(pdftex.def)             Requested size: 332.74231pt x 246.16907pt.

Overfull \hbox (12.74234pt too wide) in paragraph at lines 34--36
[] 
 []


Underfull \hbox (badness 10000) in paragraph at lines 34--36

 []

<Images/ULA.png, id=24, 1030.60031pt x 578.16pt>
File: Images/ULA.png Graphic file (type png)
<use Images/ULA.png>
Package pdftex.def Info: Images/ULA.png  used on input line 37.
(pdftex.def)             Requested size: 412.23282pt x 231.2599pt.

Overfull \hbox (92.23285pt too wide) in paragraph at lines 36--38
[] 
 []


Underfull \hbox (badness 10000) in paragraph at lines 36--38

 []

<Images/Somador1bit.png, id=25, 444.91219pt x 279.29344pt>
File: Images/Somador1bit.png Graphic file (type png)
<use Images/Somador1bit.png>
Package pdftex.def Info: Images/Somador1bit.png  used on input line 39.
(pdftex.def)             Requested size: 355.93022pt x 223.43504pt.

Overfull \hbox (35.93025pt too wide) in paragraph at lines 38--40
[] 
 []


Underfull \hbox (badness 10000) in paragraph at lines 38--40

 []



[4 <./Images/RX.png> <./Images/ULA.png>]
<Images/Somador.png, id=31, 721.19438pt x 463.7325pt>
File: Images/Somador.png Graphic file (type png)
<use Images/Somador.png>
Package pdftex.def Info: Images/Somador.png  used on input line 41.
(pdftex.def)             Requested size: 396.65814pt x 255.05365pt.

Overfull \hbox (76.65817pt too wide) in paragraph at lines 40--42
[] 
 []


Underfull \hbox (badness 10000) in paragraph at lines 40--42

 []

<Images/Subtrator.png, id=32, 941.76843pt x 594.72188pt>
File: Images/Subtrator.png Graphic file (type png)
<use Images/Subtrator.png>
Package pdftex.def Info: Images/Subtrator.png  used on input line 43.
(pdftex.def)             Requested size: 423.79187pt x 267.62238pt.

Overfull \hbox (103.7919pt too wide) in paragraph at lines 42--44
[] 
 []


Underfull \hbox (badness 10000) in paragraph at lines 42--44

 []



[5 <./Images/Somador1bit.png> <./Images/Somador.png>]

[6 <./Images/Subtrator.png>]
<Images/MUX2x1.png, id=42, 840.89156pt x 542.77782pt>
File: Images/MUX2x1.png Graphic file (type png)
<use Images/MUX2x1.png>
Package pdftex.def Info: Images/MUX2x1.png  used on input line 46.
(pdftex.def)             Requested size: 420.44475pt x 271.38824pt.

Overfull \hbox (100.44478pt too wide) in paragraph at lines 45--47
[] 
 []


Underfull \hbox (badness 10000) in paragraph at lines 45--47

 []

<Images/MUX4x1.png, id=43, 947.03813pt x 575.14874pt>
File: Images/MUX4x1.png Graphic file (type png)
<use Images/MUX4x1.png>
Package pdftex.def Info: Images/MUX4x1.png  used on input line 48.
(pdftex.def)             Requested size: 378.80853pt x 230.05542pt.

Overfull \hbox (58.80856pt too wide) in paragraph at lines 47--49
[] 
 []


Underfull \hbox (badness 10000) in paragraph at lines 47--49

 []



[7 <./Images/MUX2x1.png> <./Images/MUX4x1.png>]
<Images/DEMUX1x4.png, id=50, 666.99188pt x 483.30562pt>
File: Images/DEMUX1x4.png Graphic file (type png)
<use Images/DEMUX1x4.png>
Package pdftex.def Info: Images/DEMUX1x4.png  used on input line 50.
(pdftex.def)             Requested size: 333.49512pt x 241.65222pt.

Overfull \hbox (13.49515pt too wide) in paragraph at lines 49--51
[] 
 []


Underfull \hbox (badness 10000) in paragraph at lines 49--51

 []

<Images/DEMUX1x8.png, id=51, 566.115pt x 289.83281pt>
File: Images/DEMUX1x8.png Graphic file (type png)
<use Images/DEMUX1x8.png>
Package pdftex.def Info: Images/DEMUX1x8.png  used on input line 52.
(pdftex.def)             Requested size: 339.67162pt x 173.90102pt.

Overfull \hbox (19.67165pt too wide) in paragraph at lines 51--53
[] 
 []


Underfull \hbox (badness 10000) in paragraph at lines 51--53

 []

<Images/SelOp.png, id=52, 247.67531pt x 273.27094pt>
File: Images/SelOp.png Graphic file (type png)
<use Images/SelOp.png>
Package pdftex.def Info: Images/SelOp.png  used on input line 57.
(pdftex.def)             Requested size: 222.90572pt x 245.94154pt.

Underfull \hbox (badness 10000) in paragraph at lines 56--58

 []



[8 <./Images/DEMUX1x4.png> <./Images/DEMUX1x8.png>]
Underfull \hbox (badness 10000) in paragraph at lines 59--62

 []



[9 <./Images/SelOp.png>]

[10]

[11]

[12]

[13]

[14] (Relatório.aux)
 ***********
LaTeX2e <2024-06-01>
L3 programming layer <2024-05-08>
 ***********
 ) 
Here is how much of TeX's memory you used:
 3743 strings out of 473937
 65280 string characters out of 5723122
 1932893 words of memory out of 5000000
 26545 multiletter control sequences out of 15000+600000
 563490 words of font info for 55 fonts, out of 8000000 for 9000
 1141 hyphenation exceptions out of 8191
 59i,6n,67p,530b,208s stack positions out of 10000i,1000n,20000p,200000b,200000s
<C:/Users/EricksonMuller/AppData/Local/Programs/MiKTeX/fonts/type1/public/ams
fonts/cm/cmbx12.pfb><C:/Users/EricksonMuller/AppData/Local/Programs/MiKTeX/font
s/type1/public/amsfonts/cm/cmmi10.pfb><C:/Users/EricksonMuller/AppData/Local/Pr
ograms/MiKTeX/fonts/type1/public/amsfonts/cm/cmr10.pfb><C:/Users/EricksonMuller
/AppData/Local/Programs/MiKTeX/fonts/type1/public/amsfonts/cm/cmr12.pfb><C:/Use
rs/EricksonMuller/AppData/Local/Programs/MiKTeX/fonts/type1/public/amsfonts/cm/
cmr17.pfb><C:/Users/EricksonMuller/AppData/Local/Programs/MiKTeX/fonts/type1/pu
blic/amsfonts/cm/cmr7.pfb><C:/Users/EricksonMuller/AppData/Local/Programs/MiKTe
X/fonts/type1/public/amsfonts/cm/cmsy10.pfb><C:/Users/EricksonMuller/AppData/Lo
cal/Programs/MiKTeX/fonts/type1/public/amsfonts/cm/cmti10.pfb>
Output written on Relatório.pdf (14 pages, 472136 bytes).
PDF statistics:
 115 PDF objects out of 1000 (max. 8388607)
 0 named destinations out of 1000 (max. 500000)
 66 words of extra memory for PDF output out of 10000 (max. 10000000)

