This is pdfTeX, Version 3.141592653-2.6-1.40.29 (TeX Live 2026/Arch Linux) (preloaded format=pdflatex 2026.5.31)  11 JUN 2026 20:41
entering extended mode
 restricted \write18 enabled.
 %&-line parsing enabled.
**"Revisão P2.tex"
(./Revisão P2.tex
LaTeX2e <2025-11-01>
L3 programming layer <2026-01-19>
(/usr/share/texmf-dist/tex/latex/base/article.cls
Document Class: article 2025/01/22 v1.4n Standard LaTeX document class
(/usr/share/texmf-dist/tex/latex/base/size12.clo
File: size12.clo 2025/01/22 v1.4n Standard LaTeX file (size option)
)
\c@part=\count275
\c@section=\count276
\c@subsection=\count277
\c@subsubsection=\count278
\c@paragraph=\count279
\c@subparagraph=\count280
\c@figure=\count281
\c@table=\count282
\abovecaptionskip=\skip49
\belowcaptionskip=\skip50
\bibindent=\dimen148
)
(/usr/share/texmf-dist/tex/latex/tools/indentfirst.sty
Package: indentfirst 2023/07/02 v1.03 Indent first paragraph (DPC)
)
(/usr/share/texmf-dist/tex/latex/amsfonts/amssymb.sty
Package: amssymb 2013/01/14 v3.01 AMS font symbols

(/usr/share/texmf-dist/tex/latex/amsfonts/amsfonts.sty
Package: amsfonts 2013/01/14 v3.01 Basic AMSFonts support
\@emptytoks=\toks17
\symAMSa=\mathgroup4
\symAMSb=\mathgroup5
LaTeX Font Info:    Redeclaring math symbol \hbar on input line 98.
LaTeX Font Info:    Overwriting math alphabet `\mathfrak' in version `bold'
(Font)                  U/euf/m/n --> U/euf/b/n on input line 106.
))
(/usr/share/texmf-dist/tex/latex/pdflscape/pdflscape.sty
Package: pdflscape 2025-06-23 v0.14 Display of landscape pages in PDF

(/usr/share/texmf-dist/tex/latex/pdflscape/pdflscape-nometadata.sty
Package: pdflscape-nometadata 2025-06-23 v0.14 Display of landscape pages in PD
F (HO)

(/usr/share/texmf-dist/tex/generic/iftex/iftex.sty
Package: iftex 2024/12/12 v1.0g TeX engine tests
)
(/usr/share/texmf-dist/tex/latex/graphics/lscape.sty
Package: lscape 2020/05/28 v3.02 Landscape Pages (DPC)

(/usr/share/texmf-dist/tex/latex/graphics/graphics.sty
Package: graphics 2024/08/06 v1.4g Standard LaTeX Graphics (DPC,SPQR)

(/usr/share/texmf-dist/tex/latex/graphics/trig.sty
Package: trig 2023/12/02 v1.11 sin cos tan (DPC)
)
(/usr/share/texmf-dist/tex/latex/graphics-cfg/graphics.cfg
File: graphics.cfg 2016/06/04 v1.11 sample graphics configuration
)
Package graphics Info: Driver file: pdftex.def on input line 106.

(/usr/share/texmf-dist/tex/latex/graphics-def/pdftex.def
File: pdftex.def 2025/09/29 v1.2d Graphics/color driver for pdftex
)))
Package pdflscape Info: Auto-detected driver: pdftex on input line 81.
))
(/usr/share/texmf-dist/tex/latex/graphics/graphicx.sty
Package: graphicx 2024/12/31 v1.2e Enhanced LaTeX Graphics (DPC,SPQR)

(/usr/share/texmf-dist/tex/latex/graphics/keyval.sty
Package: keyval 2022/05/29 v1.15 key=value parser (DPC)
\KV@toks@=\toks18
)
\Gin@req@height=\dimen149
\Gin@req@width=\dimen150
)
(/usr/share/texmf-dist/tex/latex/booktabs/booktabs.sty
Package: booktabs 2020/01/12 v1.61803398 Publication quality tables
\heavyrulewidth=\dimen151
\lightrulewidth=\dimen152
\cmidrulewidth=\dimen153
\belowrulesep=\dimen154
\belowbottomsep=\dimen155
\aboverulesep=\dimen156
\abovetopsep=\dimen157
\cmidrulesep=\dimen158
\cmidrulekern=\dimen159
\defaultaddspace=\dimen160
\@cmidla=\count283
\@cmidlb=\count284
\@aboverulesep=\dimen161
\@belowrulesep=\dimen162
\@thisruleclass=\count285
\@lastruleclass=\count286
\@thisrulewidth=\dimen163
)
(/usr/share/texmf-dist/tex/latex/l3backend/l3backend-pdftex.def
File: l3backend-pdftex.def 2025-10-09 L3 backend support: PDF output (pdfTeX)
\l__color_backend_stack_int=\count287
)
(./Revisão P2.aux)
\openout1 = `"Revisão P2.aux"'.

LaTeX Font Info:    Checking defaults for OML/cmm/m/it on input line 11.
LaTeX Font Info:    ... okay on input line 11.
LaTeX Font Info:    Checking defaults for OMS/cmsy/m/n on input line 11.
LaTeX Font Info:    ... okay on input line 11.
LaTeX Font Info:    Checking defaults for OT1/cmr/m/n on input line 11.
LaTeX Font Info:    ... okay on input line 11.
LaTeX Font Info:    Checking defaults for T1/cmr/m/n on input line 11.
LaTeX Font Info:    ... okay on input line 11.
LaTeX Font Info:    Checking defaults for TS1/cmr/m/n on input line 11.
LaTeX Font Info:    ... okay on input line 11.
LaTeX Font Info:    Checking defaults for OMX/cmex/m/n on input line 11.
LaTeX Font Info:    ... okay on input line 11.
LaTeX Font Info:    Checking defaults for U/cmr/m/n on input line 11.
LaTeX Font Info:    ... okay on input line 11.
 (/usr/share/texmf-dist/tex/context/base/mkii/supp-pdf.mkii
[Loading MPS to PDF converter (version 2006.09.02).]
\scratchcounter=\count288
\scratchdimen=\dimen164
\scratchbox=\box53
\nofMPsegments=\count289
\nofMParguments=\count290
\everyMPshowfont=\toks19
\MPscratchCnt=\count291
\MPscratchDim=\dimen165
\MPnumerator=\count292
\makeMPintoPDFobject=\count293
\everyMPtoPDFconversion=\toks20
) (/usr/share/texmf-dist/tex/latex/epstopdf-pkg/epstopdf-base.sty
Package: epstopdf-base 2020-01-24 v2.11 Base part for package epstopdf
Package epstopdf-base Info: Redefining graphics rule for `.eps' on input line 4
85.

(/usr/share/texmf-dist/tex/latex/latexconfig/epstopdf-sys.cfg
File: epstopdf-sys.cfg 2010/07/13 v1.3 Configuration of (r)epstopdf for TeX Liv
e
))
LaTeX Font Info:    Trying to load font information for U+msa on input line 12.


(/usr/share/texmf-dist/tex/latex/amsfonts/umsa.fd
File: umsa.fd 2013/01/14 v3.01 AMS symbols A
)
LaTeX Font Info:    Trying to load font information for U+msb on input line 12.


(/usr/share/texmf-dist/tex/latex/amsfonts/umsb.fd
File: umsb.fd 2013/01/14 v3.01 AMS symbols B
) [1

{/var/lib/texmf/fonts/map/pdftex/updmap/pdftex.map}{/usr/share/texmf-dist/fonts
/enc/dvips/cm-super/cm-super-ts1.enc}]
Underfull \hbox (badness 10000) in paragraph at lines 43--57

 []


Underfull \hbox (badness 10000) in paragraph at lines 43--57

 []

[2]
Underfull \hbox (badness 10000) in paragraph at lines 89--93

 []

<images/arvore-traducao.png, id=21, 725.71124pt x 641.39626pt>
File: images/arvore-traducao.png Graphic file (type png)
<use images/arvore-traducao.png>
Package pdftex.def Info: images/arvore-traducao.png  used on input line 94.
(pdftex.def)             Requested size: 362.85474pt x 320.69734pt.
[3] [4 <./images/arvore-traducao.png>]
Overfull \hbox (66.95023pt too wide) in paragraph at lines 136--136
[]\OT1/cmtt/m/n/12 id.        id.   id.   id.         id.         id.   id.    
     id.   id.[] 
 []


Overfull \hbox (66.95023pt too wide) in paragraph at lines 136--136
[]\OT1/cmtt/m/n/12 lex        lex   lex   lex         lex         lex   lex    
     lex   lex[] 
 []


Overfull \hbox (60.77522pt too wide) in paragraph at lines 136--136
[]\OT1/cmtt/m/n/12 =8         =(    =(    =6          =2          =1    =)     
     =2    =)[] 
 []


Overfull \hbox (60.77522pt too wide) in paragraph at lines 136--136
[]\OT1/cmtt/m/n/12 |           |     |     |           |           |     |     
      |     |[] 
 []


Overfull \hbox (97.82524pt too wide) in paragraph at lines 136--136
[]\OT1/cmtt/m/n/12 8     +     (     (     6     /     2     -     1     )     
+     2     )     =[] 
 []

<images/arvore-calculadora.png, id=31, 992.20688pt x 344.03531pt>
File: images/arvore-calculadora.png Graphic file (type png)
<use images/arvore-calculadora.png>
Package pdftex.def Info: images/arvore-calculadora.png  used on input line 137.

(pdftex.def)             Requested size: 396.87572pt x 137.61168pt.

Overfull \hbox (6.87572pt too wide) in paragraph at lines 137--138
[] 
 []


Underfull \hbox (badness 10000) in paragraph at lines 137--138

 []


Overfull \hbox (6.09727pt too wide) in paragraph at lines 142--144
[]\OT1/cmr/m/n/12 Usamos a^^Xc~oes sem^anticas para adi-cionar in-forma^^Xc~oes
 na tabela de s^^S^^Pmbolos.
 []

[5 <./images/arvore-calculadora.png>]
Overfull \hbox (17.5502pt too wide) in paragraph at lines 165--165
[]\OT1/cmtt/m/n/12 D::= id:T {addSb (id.nome, T.tipo, desloc); desloc = desloc+
T.tam}[] 
 []


Overfull \hbox (97.82524pt too wide) in paragraph at lines 165--165
[]\OT1/cmtt/m/n/12 T::= array[num] of T1 {T.tipo = matriz(num.val, T1.tipo); T.
tam=num.val*T1.tam}[] 
 []

[6]
<images/arvore-derivacao-exemplo.png, id=39, 596.2275pt x 331.99031pt>
File: images/arvore-derivacao-exemplo.png Graphic file (type png)
<use images/arvore-derivacao-exemplo.png>
Package pdftex.def Info: images/arvore-derivacao-exemplo.png  used on input lin
e 167.
(pdftex.def)             Requested size: 417.3564pt x 232.39162pt.

Overfull \hbox (44.98122pt too wide) in paragraph at lines 167--169
[][] 
 []


Underfull \hbox (badness 10000) in paragraph at lines 167--169

 []

[7 <./images/arvore-derivacao-exemplo.png>] [8]
Overfull \hbox (2.4563pt too wide) in paragraph at lines 265--265
[]\OT1/cmr/bx/n/14.4 Algoritmo de con-stru^^Xc~ao de Grafo Ac^^S^^Pclico Di-rig
ido 
 []

<images/GAD.png, id=48, 1379.1525pt x 1134.2375pt>
File: images/GAD.png Graphic file (type png)
<use images/GAD.png>
Package pdftex.def Info: images/GAD.png  used on input line 283.
(pdftex.def)             Requested size: 413.74895pt x 340.27388pt.

Overfull \hbox (23.74895pt too wide) in paragraph at lines 283--284
 [] 
 []

[9]

LaTeX Warning: Command \o invalid in math mode on input line 288.

[10 <./images/GAD.png>] (./Revisão P2.aux)
 ***********
LaTeX2e <2025-11-01>
L3 programming layer <2026-01-19>
 ***********
 ) 
Here is how much of TeX's memory you used:
 2137 strings out of 469495
 32990 string characters out of 5470098
 443756 words of memory out of 5000000
 30789 multiletter control sequences out of 15000+600000
 637337 words of font info for 77 fonts, out of 8000000 for 9000
 16 hyphenation exceptions out of 8191
 87i,7n,93p,508b,328s stack positions out of 10000i,1000n,20000p,200000b,200000s
</usr/share/texmf-dist/fonts/type1/public/amsfonts/cm/cmbx12.pfb></usr/share/
texmf-dist/fonts/type1/public/amsfonts/cm/cmmi12.pfb></usr/share/texmf-dist/fon
ts/type1/public/amsfonts/cm/cmmi8.pfb></usr/share/texmf-dist/fonts/type1/public
/amsfonts/cm/cmr12.pfb></usr/share/texmf-dist/fonts/type1/public/amsfonts/cm/cm
r17.pfb></usr/share/texmf-dist/fonts/type1/public/amsfonts/cm/cmr6.pfb></usr/sh
are/texmf-dist/fonts/type1/public/amsfonts/cm/cmr8.pfb></usr/share/texmf-dist/f
onts/type1/public/amsfonts/cm/cmsy10.pfb></usr/share/texmf-dist/fonts/type1/pub
lic/amsfonts/cm/cmsy6.pfb></usr/share/texmf-dist/fonts/type1/public/amsfonts/cm
/cmsy8.pfb></usr/share/texmf-dist/fonts/type1/public/amsfonts/cm/cmti12.pfb></u
sr/share/texmf-dist/fonts/type1/public/amsfonts/cm/cmtt12.pfb></usr/share/texmf
-dist/fonts/type1/public/amsfonts/symbols/msbm10.pfb></usr/share/texmf-dist/fon
ts/type1/public/cm-super/sfrm1200.pfb>
Output written on "Revisão P2.pdf" (10 pages, 640977 bytes).
PDF statistics:
 117 PDF objects out of 1000 (max. 8388607)
 68 compressed objects within 1 object stream
 0 named destinations out of 1000 (max. 500000)
 21 words of extra memory for PDF output out of 10000 (max. 10000000)

