Analysis & Synthesis report for blackjack
Fri Nov 29 00:30:14 2024
Quartus II 64-Bit Version 13.0.0 Build 156 04/24/2013 SJ Web Edition


---------------------
; Table of Contents ;
---------------------
  1. Legal Notice
  2. Analysis & Synthesis Summary
  3. Analysis & Synthesis Settings
  4. Parallel Compilation
  5. Analysis & Synthesis Source Files Read
  6. Analysis & Synthesis Resource Usage Summary
  7. Analysis & Synthesis Resource Utilization by Entity
  8. State Machine - |blackjack|estado
  9. Registers Removed During Synthesis
 10. General Register Statistics
 11. Multiplexer Restructuring Statistics (Restructuring Performed)
 12. Elapsed Time Per Partition
 13. Analysis & Synthesis Messages



----------------
; Legal Notice ;
----------------
Copyright (C) 1991-2013 Altera Corporation
Your use of Altera Corporation's design tools, logic functions 
and other software and tools, and its AMPP partner logic 
functions, and any output files from any of the foregoing 
(including device programming or simulation files), and any 
associated documentation or information are expressly subject 
to the terms and conditions of the Altera Program License 
Subscription Agreement, Altera MegaCore Function License 
Agreement, or other applicable license agreement, including, 
without limitation, that your use is for the sole purpose of 
programming logic devices manufactured by Altera and sold by 
Altera or its authorized distributors.  Please refer to the 
applicable agreement for further details.



+---------------------------------------------------------------------------------+
; Analysis & Synthesis Summary                                                    ;
+------------------------------------+--------------------------------------------+
; Analysis & Synthesis Status        ; Successful - Fri Nov 29 00:30:14 2024      ;
; Quartus II 64-Bit Version          ; 13.0.0 Build 156 04/24/2013 SJ Web Edition ;
; Revision Name                      ; blackjack                                  ;
; Top-level Entity Name              ; blackjack                                  ;
; Family                             ; Cyclone II                                 ;
; Total logic elements               ; 0                                          ;
;     Total combinational functions  ; 0                                          ;
;     Dedicated logic registers      ; 0                                          ;
; Total registers                    ; 0                                          ;
; Total pins                         ; 33                                         ;
; Total virtual pins                 ; 0                                          ;
; Total memory bits                  ; 0                                          ;
; Embedded Multiplier 9-bit elements ; 0                                          ;
; Total PLLs                         ; 0                                          ;
+------------------------------------+--------------------------------------------+


+----------------------------------------------------------------------------------------------------------------------+
; Analysis & Synthesis Settings                                                                                        ;
+----------------------------------------------------------------------------+--------------------+--------------------+
; Option                                                                     ; Setting            ; Default Value      ;
+----------------------------------------------------------------------------+--------------------+--------------------+
; Device                                                                     ; EP2C20F484C7       ;                    ;
; Top-level entity name                                                      ; blackjack          ; blackjack          ;
; Family name                                                                ; Cyclone II         ; Cyclone IV GX      ;
; Use smart compilation                                                      ; Off                ; Off                ;
; Enable parallel Assembler and TimeQuest Timing Analyzer during compilation ; On                 ; On                 ;
; Enable compact report table                                                ; Off                ; Off                ;
; Restructure Multiplexers                                                   ; Auto               ; Auto               ;
; Create Debugging Nodes for IP Cores                                        ; Off                ; Off                ;
; Preserve fewer node names                                                  ; On                 ; On                 ;
; Disable OpenCore Plus hardware evaluation                                  ; Off                ; Off                ;
; Verilog Version                                                            ; Verilog_2001       ; Verilog_2001       ;
; VHDL Version                                                               ; VHDL_1993          ; VHDL_1993          ;
; State Machine Processing                                                   ; Auto               ; Auto               ;
; Safe State Machine                                                         ; Off                ; Off                ;
; Extract Verilog State Machines                                             ; On                 ; On                 ;
; Extract VHDL State Machines                                                ; On                 ; On                 ;
; Ignore Verilog initial constructs                                          ; Off                ; Off                ;
; Iteration limit for constant Verilog loops                                 ; 5000               ; 5000               ;
; Iteration limit for non-constant Verilog loops                             ; 250                ; 250                ;
; Add Pass-Through Logic to Inferred RAMs                                    ; On                 ; On                 ;
; Infer RAMs from Raw Logic                                                  ; On                 ; On                 ;
; Parallel Synthesis                                                         ; On                 ; On                 ;
; DSP Block Balancing                                                        ; Auto               ; Auto               ;
; NOT Gate Push-Back                                                         ; On                 ; On                 ;
; Power-Up Don't Care                                                        ; On                 ; On                 ;
; Remove Redundant Logic Cells                                               ; Off                ; Off                ;
; Remove Duplicate Registers                                                 ; On                 ; On                 ;
; Ignore CARRY Buffers                                                       ; Off                ; Off                ;
; Ignore CASCADE Buffers                                                     ; Off                ; Off                ;
; Ignore GLOBAL Buffers                                                      ; Off                ; Off                ;
; Ignore ROW GLOBAL Buffers                                                  ; Off                ; Off                ;
; Ignore LCELL Buffers                                                       ; Off                ; Off                ;
; Ignore SOFT Buffers                                                        ; On                 ; On                 ;
; Limit AHDL Integers to 32 Bits                                             ; Off                ; Off                ;
; Optimization Technique                                                     ; Balanced           ; Balanced           ;
; Carry Chain Length                                                         ; 70                 ; 70                 ;
; Auto Carry Chains                                                          ; On                 ; On                 ;
; Auto Open-Drain Pins                                                       ; On                 ; On                 ;
; Perform WYSIWYG Primitive Resynthesis                                      ; Off                ; Off                ;
; Auto ROM Replacement                                                       ; On                 ; On                 ;
; Auto RAM Replacement                                                       ; On                 ; On                 ;
; Auto Shift Register Replacement                                            ; Auto               ; Auto               ;
; Allow Shift Register Merging across Hierarchies                            ; Auto               ; Auto               ;
; Auto Clock Enable Replacement                                              ; On                 ; On                 ;
; Strict RAM Replacement                                                     ; Off                ; Off                ;
; Allow Synchronous Control Signals                                          ; On                 ; On                 ;
; Force Use of Synchronous Clear Signals                                     ; Off                ; Off                ;
; Auto RAM to Logic Cell Conversion                                          ; Off                ; Off                ;
; Auto Resource Sharing                                                      ; Off                ; Off                ;
; Allow Any RAM Size For Recognition                                         ; Off                ; Off                ;
; Allow Any ROM Size For Recognition                                         ; Off                ; Off                ;
; Allow Any Shift Register Size For Recognition                              ; Off                ; Off                ;
; Use LogicLock Constraints during Resource Balancing                        ; On                 ; On                 ;
; Ignore translate_off and synthesis_off directives                          ; Off                ; Off                ;
; Timing-Driven Synthesis                                                    ; Off                ; Off                ;
; Report Parameter Settings                                                  ; On                 ; On                 ;
; Report Source Assignments                                                  ; On                 ; On                 ;
; Report Connectivity Checks                                                 ; On                 ; On                 ;
; Ignore Maximum Fan-Out Assignments                                         ; Off                ; Off                ;
; Synchronization Register Chain Length                                      ; 2                  ; 2                  ;
; PowerPlay Power Optimization                                               ; Normal compilation ; Normal compilation ;
; HDL message level                                                          ; Level2             ; Level2             ;
; Suppress Register Optimization Related Messages                            ; Off                ; Off                ;
; Number of Removed Registers Reported in Synthesis Report                   ; 5000               ; 5000               ;
; Number of Swept Nodes Reported in Synthesis Report                         ; 5000               ; 5000               ;
; Number of Inverted Registers Reported in Synthesis Report                  ; 100                ; 100                ;
; Clock MUX Protection                                                       ; On                 ; On                 ;
; Auto Gated Clock Conversion                                                ; Off                ; Off                ;
; Block Design Naming                                                        ; Auto               ; Auto               ;
; SDC constraint protection                                                  ; Off                ; Off                ;
; Synthesis Effort                                                           ; Auto               ; Auto               ;
; Shift Register Replacement - Allow Asynchronous Clear Signal               ; On                 ; On                 ;
; Pre-Mapping Resynthesis Optimization                                       ; Off                ; Off                ;
; Analysis & Synthesis Message Level                                         ; Medium             ; Medium             ;
; Disable Register Merging Across Hierarchies                                ; Auto               ; Auto               ;
; Resource Aware Inference For Block RAM                                     ; On                 ; On                 ;
; Synthesis Seed                                                             ; 1                  ; 1                  ;
+----------------------------------------------------------------------------+--------------------+--------------------+


Parallel compilation was disabled, but you have multiple processors available. Enable parallel compilation to reduce compilation time.
+-------------------------------------+
; Parallel Compilation                ;
+----------------------------+--------+
; Processors                 ; Number ;
+----------------------------+--------+
; Number detected on machine ; 8      ;
; Maximum allowed            ; 1      ;
+----------------------------+--------+


+---------------------------------------------------------------------------------------------------------------------------------------------------------+
; Analysis & Synthesis Source Files Read                                                                                                                  ;
+----------------------------------+-----------------+-----------------+------------------------------------------------------------------------+---------+
; File Name with User-Entered Path ; Used in Netlist ; File Type       ; File Name with Absolute Path                                           ; Library ;
+----------------------------------+-----------------+-----------------+------------------------------------------------------------------------+---------+
; blackjack.vhd                    ; yes             ; User VHDL File  ; C:/Users/aluno/Documents/notes-UFFS/Sistemas Digitais/TF/blackjack.vhd ;         ;
+----------------------------------+-----------------+-----------------+------------------------------------------------------------------------+---------+


+-----------------------------------------------------+
; Analysis & Synthesis Resource Usage Summary         ;
+---------------------------------------------+-------+
; Resource                                    ; Usage ;
+---------------------------------------------+-------+
;                                             ;       ;
; Total combinational functions               ; 0     ;
; Logic element usage by number of LUT inputs ;       ;
;     -- 4 input functions                    ; 0     ;
;     -- 3 input functions                    ; 0     ;
;     -- <=2 input functions                  ; 0     ;
;                                             ;       ;
; Logic elements by mode                      ;       ;
;     -- normal mode                          ; 0     ;
;     -- arithmetic mode                      ; 0     ;
;                                             ;       ;
; Total registers                             ; 0     ;
;     -- Dedicated logic registers            ; 0     ;
;     -- I/O registers                        ; 0     ;
;                                             ;       ;
; I/O pins                                    ; 33    ;
; Embedded Multiplier 9-bit elements          ; 0     ;
+---------------------------------------------+-------+


+-----------------------------------------------------------------------------------------------------------------------------------------------------------------------------+
; Analysis & Synthesis Resource Utilization by Entity                                                                                                                         ;
+----------------------------+-------------------+--------------+-------------+--------------+---------+-----------+------+--------------+---------------------+--------------+
; Compilation Hierarchy Node ; LC Combinationals ; LC Registers ; Memory Bits ; DSP Elements ; DSP 9x9 ; DSP 18x18 ; Pins ; Virtual Pins ; Full Hierarchy Name ; Library Name ;
+----------------------------+-------------------+--------------+-------------+--------------+---------+-----------+------+--------------+---------------------+--------------+
; |blackjack                 ; 0 (0)             ; 0 (0)        ; 0           ; 0            ; 0       ; 0         ; 33   ; 0            ; |blackjack          ;              ;
+----------------------------+-------------------+--------------+-------------+--------------+---------+-----------+------+--------------+---------------------+--------------+
Note: For table entries with two numbers listed, the numbers in parentheses indicate the number of resources of the given type used by the specific entity alone. The numbers listed outside of parentheses indicate the total resources of the given type used by the specific entity and all of its sub-entities in the hierarchy.


Encoding Type:  One-Hot
+--------------------------------------------------------------------------------------------------------------------------------------------------------------------------------------------------------------------------------------------------------------------------------------+
; State Machine - |blackjack|estado                                                                                                                                                                                                                                                    ;
+----------------------+---------------+----------------+----------------+----------------+------------------+---------------------+------------------+---------------------+----------------------+----------------------+----------------------+----------------------+--------------+
; Name                 ; estado.empate ; estado.perdeuP ; estado.ganhouP ; estado.compara ; estado.hitDealer ; estado.esperaDealer ; estado.hitPlayer ; estado.esperaPlayer ; estado.recebeDealer2 ; estado.recebePlayer2 ; estado.recebeDealer1 ; estado.recebePlayer1 ; estado.reset ;
+----------------------+---------------+----------------+----------------+----------------+------------------+---------------------+------------------+---------------------+----------------------+----------------------+----------------------+----------------------+--------------+
; estado.reset         ; 0             ; 0              ; 0              ; 0              ; 0                ; 0                   ; 0                ; 0                   ; 0                    ; 0                    ; 0                    ; 0                    ; 0            ;
; estado.recebePlayer1 ; 0             ; 0              ; 0              ; 0              ; 0                ; 0                   ; 0                ; 0                   ; 0                    ; 0                    ; 0                    ; 1                    ; 1            ;
; estado.recebeDealer1 ; 0             ; 0              ; 0              ; 0              ; 0                ; 0                   ; 0                ; 0                   ; 0                    ; 0                    ; 1                    ; 0                    ; 1            ;
; estado.recebePlayer2 ; 0             ; 0              ; 0              ; 0              ; 0                ; 0                   ; 0                ; 0                   ; 0                    ; 1                    ; 0                    ; 0                    ; 1            ;
; estado.recebeDealer2 ; 0             ; 0              ; 0              ; 0              ; 0                ; 0                   ; 0                ; 0                   ; 1                    ; 0                    ; 0                    ; 0                    ; 1            ;
; estado.esperaPlayer  ; 0             ; 0              ; 0              ; 0              ; 0                ; 0                   ; 0                ; 1                   ; 0                    ; 0                    ; 0                    ; 0                    ; 1            ;
; estado.hitPlayer     ; 0             ; 0              ; 0              ; 0              ; 0                ; 0                   ; 1                ; 0                   ; 0                    ; 0                    ; 0                    ; 0                    ; 1            ;
; estado.esperaDealer  ; 0             ; 0              ; 0              ; 0              ; 0                ; 1                   ; 0                ; 0                   ; 0                    ; 0                    ; 0                    ; 0                    ; 1            ;
; estado.hitDealer     ; 0             ; 0              ; 0              ; 0              ; 1                ; 0                   ; 0                ; 0                   ; 0                    ; 0                    ; 0                    ; 0                    ; 1            ;
; estado.compara       ; 0             ; 0              ; 0              ; 1              ; 0                ; 0                   ; 0                ; 0                   ; 0                    ; 0                    ; 0                    ; 0                    ; 1            ;
; estado.ganhouP       ; 0             ; 0              ; 1              ; 0              ; 0                ; 0                   ; 0                ; 0                   ; 0                    ; 0                    ; 0                    ; 0                    ; 1            ;
; estado.perdeuP       ; 0             ; 1              ; 0              ; 0              ; 0                ; 0                   ; 0                ; 0                   ; 0                    ; 0                    ; 0                    ; 0                    ; 1            ;
; estado.empate        ; 1             ; 0              ; 0              ; 0              ; 0                ; 0                   ; 0                ; 0                   ; 0                    ; 0                    ; 0                    ; 0                    ; 1            ;
+----------------------+---------------+----------------+----------------+----------------+------------------+---------------------+------------------+---------------------+----------------------+----------------------+----------------------+----------------------+--------------+


+---------------------------------------------------------------------------------+
; Registers Removed During Synthesis                                              ;
+----------------------------------------+----------------------------------------+
; Register name                          ; Reason for Removal                     ;
+----------------------------------------+----------------------------------------+
; estado.compara                         ; Lost fanout                            ;
; estado.ganhouP                         ; Stuck at GND due to stuck port data_in ;
; estado.perdeuP                         ; Stuck at GND due to stuck port data_in ;
; estado.empate                          ; Stuck at GND due to stuck port data_in ;
; estado.reset                           ; Lost fanout                            ;
; estado.recebePlayer1                   ; Lost fanout                            ;
; estado.recebeDealer1                   ; Lost fanout                            ;
; estado.recebePlayer2                   ; Lost fanout                            ;
; estado.recebeDealer2                   ; Lost fanout                            ;
; estado.esperaPlayer                    ; Lost fanout                            ;
; estado.hitPlayer                       ; Lost fanout                            ;
; estado.esperaDealer                    ; Lost fanout                            ;
; estado.hitDealer                       ; Lost fanout                            ;
; Total Number of Removed Registers = 13 ;                                        ;
+----------------------------------------+----------------------------------------+


+------------------------------------------------------+
; General Register Statistics                          ;
+----------------------------------------------+-------+
; Statistic                                    ; Value ;
+----------------------------------------------+-------+
; Total registers                              ; 0     ;
; Number of registers using Synchronous Clear  ; 0     ;
; Number of registers using Synchronous Load   ; 0     ;
; Number of registers using Asynchronous Clear ; 0     ;
; Number of registers using Asynchronous Load  ; 0     ;
; Number of registers using Clock Enable       ; 0     ;
; Number of registers using Preset             ; 0     ;
+----------------------------------------------+-------+


+------------------------------------------------------------------------------------------------------------------------------------------+
; Multiplexer Restructuring Statistics (Restructuring Performed)                                                                           ;
+--------------------+-----------+---------------+----------------------+------------------------+------------+----------------------------+
; Multiplexer Inputs ; Bus Width ; Baseline Area ; Area if Restructured ; Saving if Restructured ; Registered ; Example Multiplexer Output ;
+--------------------+-----------+---------------+----------------------+------------------------+------------+----------------------------+
; 3:1                ; 9 bits    ; 18 LEs        ; 18 LEs               ; 0 LEs                  ; No         ; |blackjack|estado          ;
; 4:1                ; 4 bits    ; 8 LEs         ; 8 LEs                ; 0 LEs                  ; No         ; |blackjack|estado          ;
+--------------------+-----------+---------------+----------------------+------------------------+------------+----------------------------+


+-------------------------------+
; Elapsed Time Per Partition    ;
+----------------+--------------+
; Partition Name ; Elapsed Time ;
+----------------+--------------+
; Top            ; 00:00:00     ;
+----------------+--------------+


+-------------------------------+
; Analysis & Synthesis Messages ;
+-------------------------------+
Info: *******************************************************************
Info: Running Quartus II 64-Bit Analysis & Synthesis
    Info: Version 13.0.0 Build 156 04/24/2013 SJ Web Edition
    Info: Processing started: Fri Nov 29 00:30:13 2024
Info: Command: quartus_map --read_settings_files=on --write_settings_files=off blackjack -c blackjack
Warning (20028): Parallel compilation is not licensed and has been disabled
Info (12021): Found 2 design units, including 1 entities, in source file blackjack.vhd
    Info (12022): Found design unit 1: blackjack-behave
    Info (12023): Found entity 1: blackjack
Info (12127): Elaborating entity "blackjack" for the top level hierarchy
Warning (10541): VHDL Signal Declaration warning at blackjack.vhd(33): used implicit default value for signal "playerCards" because signal was never assigned a value or an explicit default value. Use of implicit default value may introduce unintended design optimizations.
Warning (10540): VHDL Signal Declaration warning at blackjack.vhd(34): used explicit default value for signal "playerSoma" because signal was never assigned a value
Warning (10540): VHDL Signal Declaration warning at blackjack.vhd(36): used explicit default value for signal "dealerSoma" because signal was never assigned a value
Warning (10492): VHDL Process Statement warning at blackjack.vhd(86): signal "START" is read inside the Process Statement but isn't in the Process Statement's sensitivity list
Warning (10492): VHDL Process Statement warning at blackjack.vhd(199): signal "playerSoma" is read inside the Process Statement but isn't in the Process Statement's sensitivity list
Warning (10492): VHDL Process Statement warning at blackjack.vhd(200): signal "playerSoma" is read inside the Process Statement but isn't in the Process Statement's sensitivity list
Warning (10492): VHDL Process Statement warning at blackjack.vhd(201): signal "CLK" is read inside the Process Statement but isn't in the Process Statement's sensitivity list
Warning (13024): Output pins are stuck at VCC or GND
    Warning (13410): Pin "WIN" is stuck at GND
    Warning (13410): Pin "LOSE" is stuck at GND
    Warning (13410): Pin "TIE" is stuck at GND
    Warning (13410): Pin "CARDDISPLAY[0]" is stuck at GND
    Warning (13410): Pin "CARDDISPLAY[1]" is stuck at GND
    Warning (13410): Pin "CARDDISPLAY[2]" is stuck at GND
    Warning (13410): Pin "CARDDISPLAY[3]" is stuck at GND
    Warning (13410): Pin "CARDDISPLAY[4]" is stuck at VCC
    Warning (13410): Pin "CARDDISPLAY[5]" is stuck at VCC
    Warning (13410): Pin "CARDDISPLAY[6]" is stuck at VCC
    Warning (13410): Pin "SUMDISPLAY1[0]" is stuck at GND
    Warning (13410): Pin "SUMDISPLAY1[1]" is stuck at VCC
    Warning (13410): Pin "SUMDISPLAY1[2]" is stuck at VCC
    Warning (13410): Pin "SUMDISPLAY1[3]" is stuck at VCC
    Warning (13410): Pin "SUMDISPLAY1[4]" is stuck at VCC
    Warning (13410): Pin "SUMDISPLAY1[5]" is stuck at VCC
    Warning (13410): Pin "SUMDISPLAY1[6]" is stuck at VCC
    Warning (13410): Pin "SUMDISPLAY2[0]" is stuck at GND
    Warning (13410): Pin "SUMDISPLAY2[1]" is stuck at VCC
    Warning (13410): Pin "SUMDISPLAY2[2]" is stuck at VCC
    Warning (13410): Pin "SUMDISPLAY2[3]" is stuck at VCC
    Warning (13410): Pin "SUMDISPLAY2[4]" is stuck at VCC
    Warning (13410): Pin "SUMDISPLAY2[5]" is stuck at VCC
    Warning (13410): Pin "SUMDISPLAY2[6]" is stuck at VCC
Info (17049): 10 registers lost all their fanouts during netlist optimizations.
Info (16010): Generating hard_block partition "hard_block:auto_generated_inst"
    Info (16011): Adding 0 node(s), including 0 DDIO, 0 PLL, 0 transceiver and 0 LCELL
Warning (21074): Design contains 9 input pin(s) that do not drive logic
    Warning (15610): No output dependent on input pin "CARDS[0]"
    Warning (15610): No output dependent on input pin "CARDS[1]"
    Warning (15610): No output dependent on input pin "CARDS[2]"
    Warning (15610): No output dependent on input pin "CARDS[3]"
    Warning (15610): No output dependent on input pin "RANDOM_CARDS"
    Warning (15610): No output dependent on input pin "HIT"
    Warning (15610): No output dependent on input pin "STAY"
    Warning (15610): No output dependent on input pin "CLK"
    Warning (15610): No output dependent on input pin "START"
Info (21057): Implemented 33 device resources after synthesis - the final resource count might be different
    Info (21058): Implemented 9 input pins
    Info (21059): Implemented 24 output pins
Info: Quartus II 64-Bit Analysis & Synthesis was successful. 0 errors, 43 warnings
    Info: Peak virtual memory: 4622 megabytes
    Info: Processing ended: Fri Nov 29 00:30:14 2024
    Info: Elapsed time: 00:00:01
    Info: Total CPU time (on all processors): 00:00:01


